<?xml version="1.0" encoding="UTF-8"?>
<robot generator="Robot 3.2.2 (Python 3.9.1 on win32)" generated="20210902 08:52:05.933" rpa="false">
<suite id="s1" name="接口测试" source="D:\Program Files\JetBrains\PyCharm Community Edition 2020.2\Robot-Project\接口测试.robot">
<test id="s1-t1" name="post #post接口">
<kw name="Open Workbook" library="ExcellentLibrary">
<doc>Opens the workbook found at the given file path.
_NOTE_: Please note that at present _XLS_ files are not supported.</doc>
<arguments>
<arg>F:\\post.xlsx</arg>
</arguments>
<status status="PASS" starttime="20210902 08:52:10.214" endtime="20210902 08:52:10.334"></status>
</kw>
<kw name="Get Row Count" library="ExcellentLibrary">
<doc>Returns the number of non-empty rows in the active sheet.</doc>
<assign>
<var>${row_count}</var>
</assign>
<msg timestamp="20210902 08:52:10.334" level="INFO">${row_count} = 38</msg>
<status status="PASS" starttime="20210902 08:52:10.334" endtime="20210902 08:52:10.334"></status>
</kw>
<kw name="Read Sheet Data" library="ExcellentLibrary">
<doc>Reads all the data from the active sheet.</doc>
<arguments>
<arg>cell_range=A1:E100</arg>
</arguments>
<assign>
<var>${data_sheet}</var>
</assign>
<msg timestamp="20210902 08:52:10.336" level="INFO">${data_sheet} = [['name', 'url', 'data', 'status', 'sql'], ['事件管理', '/search/emergency/1/10', 'userAcceptance=0&amp;userId=201&amp;pageNum=1&amp;count=10&amp;startDate=%20&amp;endDate=%20&amp;emergencyStatus=0&amp;emergencyTypeOneId=%20&amp;emergen...</msg>
<status status="PASS" starttime="20210902 08:52:10.334" endtime="20210902 08:52:10.336"></status>
</kw>
<kw name="Log Many" library="BuiltIn">
<doc>Logs the given messages as separate entries using the INFO level.</doc>
<arguments>
<arg>${data_sheet}</arg>
</arguments>
<msg timestamp="20210902 08:52:10.337" level="INFO">[['name', 'url', 'data', 'status', 'sql'], ['事件管理', '/search/emergency/1/10', 'userAcceptance=0&amp;userId=201&amp;pageNum=1&amp;count=10&amp;startDate=%20&amp;endDate=%20&amp;emergencyStatus=0&amp;emergencyTypeOneId=%20&amp;emergencyTypeTwoId=%20&amp;orgId=100&amp;orgSubsetCode=%20&amp;emergencyTitle=&amp;citizenName=&amp;ifThisOrg=', 200, None], ['有效事件上报数', '/statisticalQuery/emergencyCompletionRate', 'createBeginTime=2021-07-01&amp;createEndTime=2021-07-31&amp;emergencyTypeId=&amp;emergencyTypeQueryId=&amp;queryId=129&amp;queryIdType=&amp;basicId=129', 200, None], ['有效事件办结数', '/statisticalQuery/emergencyCompletionRate', 'createBeginTime=2021-06-01&amp;createEndTime=2021-06-30&amp;emergencyTypeId=&amp;emergencyTypeQueryId=2&amp;queryId=132&amp;queryIdType=&amp;basicId=132', 200, None], ['有效事件办结率', '/statisticalQuery/emergencyCompletionRate', 'createBeginTime=2021-08-01&amp;createEndTime=2021-08-31&amp;emergencyTypeId=&amp;emergencyTypeQueryId=&amp;queryId=510&amp;queryIdType=&amp;basicId=510', 200, None], ['矛盾纠纷-上报数-202107-平城区', '/statisticalQuery/emergencyCompletionRate', 'createBeginTime=2021-07-01&amp;createEndTime=2021-07-31&amp;emergencyTypeId=1&amp;emergencyTypeQueryId=&amp;queryId=129&amp;queryIdType=&amp;basicId=129', 200, None], ['矛盾纠纷-办结数-202106-古城街道', '/statisticalQuery/emergencyCompletionRate', 'createBeginTime=2021-06-01&amp;createEndTime=2021-06-30&amp;emergencyTypeId=1&amp;emergencyTypeQueryId=2&amp;queryId=132&amp;queryIdType=&amp;basicId=132', 200, None], ['矛盾纠纷-办结率-202108-柳港园C区社区', '/statisticalQuery/emergencyCompletionRate', 'createBeginTime=2021-07-01&amp;createEndTime=2021-07-31&amp;emergencyTypeId=1&amp;emergencyTypeQueryId=&amp;queryId=510&amp;queryIdType=&amp;basicId=510', 200, None], ['风险隐患有效事件上报数', '/statisticalQuery/emergencyCompletionRate', 'createBeginTime=2021-07-01&amp;createEndTime=2021-07-31&amp;emergencyTypeId=11&amp;emergencyTypeQueryId=&amp;queryId=129&amp;queryIdType=&amp;basicId=129', 200, None], ['风险隐患有效事件办结数', '/statisticalQuery/emergencyCompletionRate', 'createBeginTime=2021-06-01&amp;createEndTime=2021-06-30&amp;emergencyTypeId=11&amp;emergencyTypeQueryId=2&amp;queryId=132&amp;queryIdType=&amp;basicId=132', 200, None], ['风险隐患有效事件办结率', '/statisticalQuery/emergencyCompletionRate', 'createBeginTime=2021-08-01&amp;createEndTime=2021-08-31&amp;emergencyTypeId=11&amp;emergencyTypeQueryId=&amp;queryId=510&amp;queryIdType=&amp;basicId=510', 200, None], ['治安问题有效事件上报数', '/statisticalQuery/emergencyCompletionRate', 'createBeginTime=2021-07-01&amp;createEndTime=2021-07-31&amp;emergencyTypeId=18&amp;emergencyTypeQueryId=&amp;queryId=129&amp;queryIdType=&amp;basicId=129', 200, None], ['治安问题有效事件办结数', '/statisticalQuery/emergencyCompletionRate', 'createBeginTime=2021-06-01&amp;createEndTime=2021-06-30&amp;emergencyTypeId=18&amp;emergencyTypeQueryId=2&amp;queryId=132&amp;queryIdType=&amp;basicId=132', 200, None], ['治安问题有效事件办结率', '/statisticalQuery/emergencyCompletionRate', 'createBeginTime=2021-08-01&amp;createEndTime=2021-08-31&amp;emergencyTypeId=18&amp;emergencyTypeQueryId=&amp;queryId=510&amp;queryIdType=&amp;basicId=510', 200, None], ['信访问题有效事件上报数', '/statisticalQuery/emergencyCompletionRate', 'createBeginTime=2021-07-01&amp;createEndTime=2021-07-31&amp;emergencyTypeId=29&amp;emergencyTypeQueryId=&amp;queryId=129&amp;queryIdType=&amp;basicId=129', 200, None], ['信访问题有效事件办结数', '/statisticalQuery/emergencyCompletionRate', 'createBeginTime=2021-06-01&amp;createEndTime=2021-06-30&amp;emergencyTypeId=29&amp;emergencyTypeQueryId=2&amp;queryId=132&amp;queryIdType=&amp;basicId=132', 200, None], ['信访问题有效事件办结率', '/statisticalQuery/emergencyCompletionRate', 'createBeginTime=2021-08-01&amp;createEndTime=2021-08-31&amp;emergencyTypeId=29&amp;emergencyTypeQueryId=&amp;queryId=510&amp;queryIdType=&amp;basicId=510', 200, None], ['宣传工作有效事件上报数', '/statisticalQuery/emergencyCompletionRate', 'createBeginTime=2021-07-01&amp;createEndTime=2021-07-31&amp;emergencyTypeId=45&amp;emergencyTypeQueryId=&amp;queryId=129&amp;queryIdType=&amp;basicId=129', 200, None], ['宣传工作有效事件办结数', '/statisticalQuery/emergencyCompletionRate', 'createBeginTime=2021-06-01&amp;createEndTime=2021-06-30&amp;emergencyTypeId=45&amp;emergencyTypeQueryId=2&amp;queryId=132&amp;queryIdType=&amp;basicId=132', 200, None], ['宣传工作有效事件办结率', '/statisticalQuery/emergencyCompletionRate', 'createBeginTime=2021-08-01&amp;createEndTime=2021-08-31&amp;emergencyTypeId=45&amp;emergencyTypeQueryId=&amp;queryId=510&amp;queryIdType=&amp;basicId=510', 200, None], ['零上报查询统计-平城区', '/statisticalQuery/zeroReportingStatistical', 'createBeginTime=2021-07-01&amp;createEndTime=2021-07-31&amp;queryId=129', 200, None], ['零上报查询统计-街道', '/statisticalQuery/zeroReportingStatistical', 'createBeginTime=2021-07-01&amp;createEndTime=2021-07-31&amp;queryId=131', 200, None], ['零上报查询统计-社区', '/statisticalQuery/zeroReportingStatistical', 'createBeginTime=2021-07-01&amp;createEndTime=2021-07-31&amp;queryId=647', 200, None], ['零巡查查询统计-平城区', '/statisticalQuery/zeroInspection', 'createBeginTime=2021-07-01&amp;createEndTime=2021-07-31&amp;queryId=129&amp;basicId=129&amp;page=1&amp;count=10', 200, None], ['零巡查查询统计-街道', '/statisticalQuery/zeroInspection', 'createBeginTime=2021-07-01&amp;createEndTime=2021-07-31&amp;queryId=131&amp;basicId=131&amp;page=1&amp;count=10', 200, None], ['零巡查查询统计-社区', '/statisticalQuery/zeroInspection', 'createBeginTime=2021-07-01&amp;createEndTime=2021-07-31&amp;queryId=307&amp;basicId=307&amp;page=1&amp;count=10', 200, None], ['零巡查网格员统计-平城区', '/statisticalQuery/zeroInspection/user/1/10', 'createBeginTime=2021-07-01&amp;createEndTime=2021-07-31&amp;orgPostCode=100&amp;userName=%E9%AB%98%E6%99%93%E5%BD%A6&amp;phone=&amp;count=10&amp;page=1', 200, None], ['零巡查网格员统计-永泰街道', '/statisticalQuery/zeroInspection/user/1/10', 'createBeginTime=2021-07-01&amp;createEndTime=2021-07-31&amp;orgPostCode=100_101&amp;userName=&amp;phone=15534204446&amp;count=10&amp;page=1', 200, None], ['零巡查网格员统计-东后场社区', '/statisticalQuery/zeroInspection/user/1/10', 'createBeginTime=2021-07-01&amp;createEndTime=2021-07-31&amp;orgPostCode=100_101_189&amp;userName=&amp;phone=&amp;count=10&amp;page=1', 200, None], ['企事业单位统计', '/statisticalQuery/EnterpriseUnitStatistical/1/10', 'pageNum=1&amp;count=10&amp;discCode=129&amp;enterpriseUnitName=&amp;enterpriseUnitTypeId=', 200, None], [None, '/statisticalQuery/EnterpriseUnitStatistical/1/10', 'pageNum=1&amp;count=10&amp;discCode=129-131&amp;enterpriseUnitName=&amp;enterpriseUnitTypeId=17', 200, None], [None, '/statisticalQuery/EnterpriseUnitStatistical/1/10', 'pageNum=1&amp;count=10&amp;discCode=129-132&amp;enterpriseUnitName=&amp;enterpriseUnitTypeId=17', 200, None], ['孤寡老人统计表', '/statisticalQuery/personnelStatistical/1/10', 'personnelTypeId=&amp;pageNum=1&amp;count=10&amp;phone=&amp;discCode=&amp;isOldPeople=1&amp;personnelName=', 200, None], [None, '/statisticalQuery/personnelStatistical/1/10', 'personnelTypeId=&amp;pageNum=1&amp;count=10&amp;phone=&amp;discCode=131&amp;isOldPeople=1&amp;personnelName=', 200, None], ['特殊人员统计表', '/statisticalQuery/personnelStatistical/1/10', 'personnelTypeId=&amp;pageNum=1&amp;count=10&amp;phone=&amp;discCode=&amp;isOldPeople=&amp;personnelName=', 200, None], [None, '/statisticalQuery/personnelStatistical/1/10', 'personnelTypeId=&amp;pageNum=1&amp;count=10&amp;phone=&amp;discCode=131&amp;isOldPeople=&amp;personnelName=', 200, None], ['申请管理', '/applyAdopt/userApply/1/10', 'pageNum=1&amp;count=10&amp;orgid=3253&amp;loginOrg=100&amp;username=&amp;phone=&amp;applyStatus=', 200, None], ['人员回访率排名表', '/assessment/personnelVisit', 'disTreeCode=129&amp;endTime=2021-08-09&amp;startTime=2021-07-10', 200, None]]</msg>
<status status="PASS" starttime="20210902 08:52:10.337" endtime="20210902 08:52:10.337"></status>
</kw>
<kw name="Connect To Database" library="DatabaseLibrary">
<doc>Loads the DB API 2.0 module given `dbapiModuleName` then uses it to
connect to the database using `dbName`, `dbUsername`, and `dbPassword`.</doc>
<arguments>
<arg>pymysql</arg>
<arg>test</arg>
<arg>root</arg>
<arg>123456</arg>
<arg>localhost</arg>
<arg>3306</arg>
</arguments>
<msg timestamp="20210902 08:52:10.842" level="INFO">Connecting using : pymysql.connect(db=test, user=root, passwd=123456, host=localhost, port=3306, charset=None) </msg>
<status status="PASS" starttime="20210902 08:52:10.337" endtime="20210902 08:52:10.846"></status>
</kw>
<kw name="${x} IN RANGE [ 1 | ${row_count} ]" type="for">
<kw name="${x} = 1" type="foritem">
<kw name="Set Variable" library="BuiltIn">
<doc>Returns the given values which can then be assigned to a variables.</doc>
<arguments>
<arg>${data_sheet[${x}][0]}</arg>
</arguments>
<assign>
<var>${interfaceName}</var>
</assign>
<msg timestamp="20210902 08:52:10.847" level="INFO">${interfaceName} = 事件管理</msg>
<status status="PASS" starttime="20210902 08:52:10.847" endtime="20210902 08:52:10.847"></status>
</kw>
<kw name="Set Variable" library="BuiltIn">
<doc>Returns the given values which can then be assigned to a variables.</doc>
<arguments>
<arg>${data_sheet[${x}][1]}</arg>
</arguments>
<assign>
<var>${url}</var>
</assign>
<msg timestamp="20210902 08:52:10.848" level="INFO">${url} = /search/emergency/1/10</msg>
<status status="PASS" starttime="20210902 08:52:10.847" endtime="20210902 08:52:10.848"></status>
</kw>
<kw name="Set Variable" library="BuiltIn">
<doc>Returns the given values which can then be assigned to a variables.</doc>
<arguments>
<arg>${data_sheet[${x}][2]}</arg>
</arguments>
<assign>
<var>${data}</var>
</assign>
<msg timestamp="20210902 08:52:10.848" level="INFO">${data} = userAcceptance=0&amp;userId=201&amp;pageNum=1&amp;count=10&amp;startDate=%20&amp;endDate=%20&amp;emergencyStatus=0&amp;emergencyTypeOneId=%20&amp;emergencyTypeTwoId=%20&amp;orgId=100&amp;orgSubsetCode=%20&amp;emergencyTitle=&amp;citizenName=&amp;ifThis...</msg>
<status status="PASS" starttime="20210902 08:52:10.848" endtime="20210902 08:52:10.848"></status>
</kw>
<kw name="Set Variable" library="BuiltIn">
<doc>Returns the given values which can then be assigned to a variables.</doc>
<arguments>
<arg>${data_sheet[${x}][3]}</arg>
</arguments>
<assign>
<var>${status}</var>
</assign>
<msg timestamp="20210902 08:52:10.848" level="INFO">${status} = 200</msg>
<status status="PASS" starttime="20210902 08:52:10.848" endtime="20210902 08:52:10.848"></status>
</kw>
<kw name="Set Variable" library="BuiltIn">
<doc>Returns the given values which can then be assigned to a variables.</doc>
<arguments>
<arg>${data_sheet[${x}][4]}</arg>
</arguments>
<assign>
<var>${sql}</var>
</assign>
<msg timestamp="20210902 08:52:10.849" level="INFO">${sql} = None</msg>
<status status="PASS" starttime="20210902 08:52:10.848" endtime="20210902 08:52:10.849"></status>
</kw>
<kw name="Create Dictionary" library="BuiltIn">
<doc>Creates and returns a dictionary based on the given ``items``.</doc>
<arguments>
<arg>Content-Type=application/x-www-form-urlencoded</arg>
</arguments>
<assign>
<var>${header}</var>
</assign>
<msg timestamp="20210902 08:52:10.849" level="INFO">${header} = {'Content-Type': 'application/x-www-form-urlencoded'}</msg>
<status status="PASS" starttime="20210902 08:52:10.849" endtime="20210902 08:52:10.849"></status>
</kw>
<kw name="Create Session" library="RequestsLibrary">
<doc>Create Session: create a HTTP session to a server</doc>
<arguments>
<arg>url</arg>
<arg>${server}</arg>
<arg>headers=${header}</arg>
</arguments>
<msg timestamp="20210902 08:52:10.849" level="INFO">Creating Session using : alias=url, url=http://sqwy.wt.com:5130/smart_community_information_correct, headers={'Content-Type': 'application/x-www-form-urlencoded'},                     cookies={}, auth=None, timeout=None, proxies=None, verify=False,                     debug=0 </msg>
<status status="PASS" starttime="20210902 08:52:10.849" endtime="20210902 08:52:10.850"></status>
</kw>
<kw name="Post On Session" library="RequestsLibrary">
<doc>Sends a POST request on a previously created HTTP Session.</doc>
<arguments>
<arg>url</arg>
<arg>${url}</arg>
<arg>data=${data}</arg>
</arguments>
<assign>
<var>${resp}</var>
</assign>
<msg timestamp="20210902 08:52:11.333" level="INFO">POST Request : url=http://sqwy.wt.com:5130/smart_community_information_correct/search/emergency/1/10 
 path_url=/smart_community_information_correct/search/emergency/1/10 
 headers={'User-Agent': 'python-requests/2.22.0', 'Accept-Encoding': 'gzip, deflate', 'Accept': '*/*', 'Connection': 'keep-alive', 'Content-Type': 'application/x-www-form-urlencoded', 'Content-Length': '204'} 
 body=userAcceptance=0&amp;userId=201&amp;pageNum=1&amp;count=10&amp;startDate=%20&amp;endDate=%20&amp;emergencyStatus=0&amp;emergencyTypeOneId=%20&amp;emergencyTypeTwoId=%20&amp;orgId=100&amp;orgSubsetCode=%20&amp;emergencyTitle=&amp;citizenName=&amp;ifThisOrg= 
 </msg>
<msg timestamp="20210902 08:52:11.333" level="INFO">POST Response : url=http://sqwy.wt.com:5130/smart_community_information_correct/search/emergency/1/10 
 status=200, reason= 
 headers={'Server': 'nginx/1.15.2', 'Date': 'Thu, 02 Sep 2021 00:52:09 GMT', 'Content-Type': 'application/json;charset=UTF-8', 'Transfer-Encoding': 'chunked', 'Connection': 'keep-alive'} 
 body={"code":200,"message":"request successful","data":{"pageSize":10,"totalRows":418,"totalPages":42,"currentPage":1,"startIndex":0,"lastIndex":10,"resultList":[{"emergencyId":"2952143134562","emergencySource":"智慧社区","emergencyTypeId":"17","emergencyTypeCodeDesc":"风险隐患-环境卫生","emergencyTypeDetails":"环境卫生","emergencyTitle":"未及时清理垃圾","orgTreePath":"100_4034_4066_4404","orgTreePathDetails":"平城区_水泊寺街道_永安社区_永安社区第十三网格","citizenName":"马祥","citizenPhone":"18703423094","citizenAddress":"恒源路西侧悦城·文昌郡","emergencyAddress":"{\"lat\":\"40.07157486824234\",\"lng\":\"113.3507537841797\"}","emergencyContent":"物业未及时清理垃圾，影响小区环境卫生。","createTime":"2021-09-02 08:48:10","handlerPeople":"马祥","emergencyStatus":"0","emergencyStatusDesc":"待处理","startTime":null,"stopTime":null,"emergencyFileList":null,"sort":null},{"emergencyId":"1766583233198","emergencySource":"智慧社区","emergencyTypeId":"60","emergencyTypeCodeDesc":"其他事件","emergencyTypeDetails":"其他事件","emergencyTitle":"建筑垃圾堆积。","orgTreePath":"100_3255_3267_3777","orgTreePathDetails":"平城区_鹿苑街道_北苑社区_北苑社区第八网格","citizenName":"刘丽琴","citizenPhone":"15110795595","citizenAddress":"中国山西省大同市平城区鹿苑街道御河西路","emergencyAddress":"{\"lat\":\"40.12186\",\"lng\":\"113.312466\"}","emergencyContent":"建筑垃圾堆积。","createTime":"2021-09-02 08:20:14","handlerPeople":"刘丽琴","emergencyStatus":"0","emergencyStatusDesc":"待处理","startTime":null,"stopTime":null,"emergencyFileList":null,"sort":null},{"emergencyId":"0487062458290","emergencySource":"智慧社区","emergencyTypeId":"60","emergencyTypeCodeDesc":"其他事件","emergencyTypeDetails":"其他事件","emergencyTitle":"建筑垃圾堆积","orgTreePath":"100_3255_3267_3777","orgTreePathDetails":"平城区_鹿苑街道_北苑社区_北苑社区第八网格","citizenName":"刘丽琴","citizenPhone":"15110795595","citizenAddress":"中国山西省大同市平城区鹿苑街道御河西路","emergencyAddress":"{\"lat\":\"40.122261\",\"lng\":\"113.311833\"}","emergencyContent":"建筑垃圾堆积。","createTime":"2021-09-02 08:15:01","handlerPeople":"刘丽琴","emergencyStatus":"0","emergencyStatusDesc":"待处理","startTime":null,"stopTime":null,"emergencyFileList":null,"sort":null},{"emergencyId":"1801944699232","emergencySource":"智慧社区","emergencyTypeId":"60","emergencyTypeCodeDesc":"其他事件","emergencyTypeDetails":"其他事件","emergencyTitle":"协调处理","orgTreePath":"100_4029_4040_4120","orgTreePathDetails":"平城区_清远街道_惠达社区_惠达社区第五网格","citizenName":"吴玉玲","citizenPhone":"13935236575","citizenAddress":"云中路与宋庄南街西北处龙港苑","emergencyAddress":"","emergencyContent":"经工人处理已消除","createTime":"2021-09-01 17:51:58","handlerPeople":"吴玉玲","emergencyStatus":"0","emergencyStatusDesc":"待处理","startTime":null,"stopTime":null,"emergencyFileList":null,"sort":null},{"emergencyId":"5942592009270","emergencySource":"智慧社区","emergencyTypeId":"60","emergencyTypeCodeDesc":"其他事件","emergencyTypeDetails":"其他事件","emergencyTitle":"小区电缆线堆放有安全隐患","orgTreePath":"100_4029_4040_4120","orgTreePathDetails":"平城区_清远街道_惠达社区_惠达社区第五网格","citizenName":"吴玉玲","citizenPhone":"13935236575","citizenAddress":"云中路与宋庄南街西北处龙港苑","emergencyAddress":"","emergencyContent":"到辖区内发现有电缆线堆放\n","createTime":"2021-09-01 17:49:52","handlerPeople":"吴玉玲","emergencyStatus":"0","emergencyStatusDesc":"待处理","startTime":null,"stopTime":null,"emergencyFileList":null,"sort":null},{"emergencyId":"9684455647914","emergencySource":"智慧社区","emergencyTypeId":"60","emergencyTypeCodeDesc":"其他事件","emergencyTypeDetails":"其他事件","emergencyTitle":"小区电缆线隐患","orgTreePath":"100_4029_4040","orgTreePathDetails":"平城区_清远街道_惠达社区","citizenName":"吴玉玲","citizenPhone":"13935236575","citizenAddress":"宋庄北路17号附近龙港苑(北门)","emergencyAddress":"","emergencyContent":"电缆线隐患\n","createTime":"2021-09-01 17:43:57","handlerPeople":"吴玉玲","emergencyStatus":"0","emergencyStatusDesc":"待处理","startTime":null,"stopTime":null,"emergencyFileList":null,"sort":null},{"emergencyId":"4162372259936","emergencySource":"智慧社区","emergencyTypeId":"60","emergencyTypeCodeDesc":"其他事件","emergencyTypeDetails":"其他事件","emergencyTitle":"施工垃圾","orgTreePath":"100_4029_4040","orgTreePathDetails":"平城区_清远街道_惠达社区","citizenName":"常琦","citizenPhone":"13593006065","citizenAddress":"宋庄南路2号泰馨小区1号楼","emergencyAddress":"{\"lat\":\"40.099675036330446\",\"lng\":\"113.27968597412111\"}","emergencyContent":"清理装修施工垃圾","createTime":"2021-09-01 17:42:28","handlerPeople":"常琦","emergencyStatus":"0","emergencyStatusDesc":"待处理","startTime":null,"stopTime":null,"emergencyFileList":null,"sort":null},{"emergencyId":"9355529058756","emergencySource":"智慧社区","emergencyTypeId":"17","emergencyTypeCodeDesc":"风险隐患-环境卫生","emergencyTypeDetails":"环境卫生","emergencyTitle":"狗便便置于路中","orgTreePath":"100_3255_3262_3719","orgTreePathDetails":"平城区_鹿苑街道_站东社区_站东社区第六网格","citizenName":"皇甫英","citizenPhone":"15110794812","citizenAddress":"中国山西省大同市平城区鹿苑街道站东大街辅路","emergencyAddress":"{\"lat\":\"40.115309\",\"lng\":\"113.310498\"}","emergencyContent":"狗狗的便便置于路中","createTime":"2021-09-01 17:17:49","handlerPeople":"皇甫英","emergencyStatus":"0","emergencyStatusDesc":"待处理","startTime":null,"stopTime":null,"emergencyFileList":null,"sort":null},{"emergencyId":"4732521204345","emergencySource":"智慧社区","emergencyTypeId":"60","emergencyTypeCodeDesc":"其他事件","emergencyTypeDetails":"其他事件","emergencyTitle":"修剪的枝条影响人们的出行","orgTreePath":"100_3255_3262_3719","orgTreePathDetails":"平城区_鹿苑街道_站东社区_站东社区第六网格","citizenName":"皇甫英","citizenPhone":"15110794812","citizenAddress":"站东大街西侧桥头北70米北都丽园","emergencyAddress":"{\"lat\":\"40.115309\",\"lng\":\"113.310498\"}","emergencyContent":"修剪的枝条影响人们出行","createTime":"2021-09-01 17:16:16","handlerPeople":"皇甫英","emergencyStatus":"0","emergencyStatusDesc":"待处理","startTime":null,"stopTime":null,"emergencyFileList":null,"sort":null},{"emergencyId":"2911326382655","emergencySource":"智慧社区","emergencyTypeId":"17","emergencyTypeCodeDesc":"风险隐患-环境卫生","emergencyTypeDetails":"环境卫生","emergencyTitle":"门口垃圾堆放","orgTreePath":"100_3255_3262_3719","orgTreePathDetails":"平城区_鹿苑街道_站东社区_站东社区第六网格","citizenName":"皇甫英","citizenPhone":"15110794812","citizenAddress":"站东大街西侧桥头北70米北都丽园","emergencyAddress":"{\"lat\":\"40.115315\",\"lng\":\"113.310495\"}","emergencyContent":"垃圾堆放","createTime":"2021-09-01 17:14:47","handlerPeople":"皇甫英","emergencyStatus":"0","emergencyStatusDesc":"待处理","startTime":null,"stopTime":null,"emergencyFileList":null,"sort":null}]}} 
 </msg>
<msg timestamp="20210902 08:52:11.333" level="INFO">${resp} = &lt;Response [200]&gt;</msg>
<status status="PASS" starttime="20210902 08:52:10.850" endtime="20210902 08:52:11.333"></status>
</kw>
<kw name="Log" library="BuiltIn">
<doc>Logs the given message with the given level.</doc>
<arguments>
<arg>${resp.json}</arg>
</arguments>
<msg timestamp="20210902 08:52:11.334" level="INFO">&lt;bound method Response.json of &lt;Response [200]&gt;&gt;</msg>
<status status="PASS" starttime="20210902 08:52:11.333" endtime="20210902 08:52:11.334"></status>
</kw>
<kw name="Should Be Equal As Strings" library="BuiltIn">
<doc>Fails if objects are unequal after converting them to strings.</doc>
<arguments>
<arg>${resp.status_code}</arg>
<arg>${status}</arg>
</arguments>
<status status="PASS" starttime="20210902 08:52:11.334" endtime="20210902 08:52:11.334"></status>
</kw>
<kw name="Should Be Equal As Strings" library="BuiltIn">
<doc>Fails if objects are unequal after converting them to strings.</doc>
<arguments>
<arg>${resp.json()['message']}</arg>
<arg>request successful</arg>
</arguments>
<status status="PASS" starttime="20210902 08:52:11.334" endtime="20210902 08:52:11.335"></status>
</kw>
<status status="PASS" starttime="20210902 08:52:10.847" endtime="20210902 08:52:11.335"></status>
</kw>
<kw name="${x} = 2" type="foritem">
<kw name="Set Variable" library="BuiltIn">
<doc>Returns the given values which can then be assigned to a variables.</doc>
<arguments>
<arg>${data_sheet[${x}][0]}</arg>
</arguments>
<assign>
<var>${interfaceName}</var>
</assign>
<msg timestamp="20210902 08:52:11.335" level="INFO">${interfaceName} = 有效事件上报数</msg>
<status status="PASS" starttime="20210902 08:52:11.335" endtime="20210902 08:52:11.335"></status>
</kw>
<kw name="Set Variable" library="BuiltIn">
<doc>Returns the given values which can then be assigned to a variables.</doc>
<arguments>
<arg>${data_sheet[${x}][1]}</arg>
</arguments>
<assign>
<var>${url}</var>
</assign>
<msg timestamp="20210902 08:52:11.335" level="INFO">${url} = /statisticalQuery/emergencyCompletionRate</msg>
<status status="PASS" starttime="20210902 08:52:11.335" endtime="20210902 08:52:11.335"></status>
</kw>
<kw name="Set Variable" library="BuiltIn">
<doc>Returns the given values which can then be assigned to a variables.</doc>
<arguments>
<arg>${data_sheet[${x}][2]}</arg>
</arguments>
<assign>
<var>${data}</var>
</assign>
<msg timestamp="20210902 08:52:11.336" level="INFO">${data} = createBeginTime=2021-07-01&amp;createEndTime=2021-07-31&amp;emergencyTypeId=&amp;emergencyTypeQueryId=&amp;queryId=129&amp;queryIdType=&amp;basicId=129</msg>
<status status="PASS" starttime="20210902 08:52:11.336" endtime="20210902 08:52:11.336"></status>
</kw>
<kw name="Set Variable" library="BuiltIn">
<doc>Returns the given values which can then be assigned to a variables.</doc>
<arguments>
<arg>${data_sheet[${x}][3]}</arg>
</arguments>
<assign>
<var>${status}</var>
</assign>
<msg timestamp="20210902 08:52:11.336" level="INFO">${status} = 200</msg>
<status status="PASS" starttime="20210902 08:52:11.336" endtime="20210902 08:52:11.336"></status>
</kw>
<kw name="Set Variable" library="BuiltIn">
<doc>Returns the given values which can then be assigned to a variables.</doc>
<arguments>
<arg>${data_sheet[${x}][4]}</arg>
</arguments>
<assign>
<var>${sql}</var>
</assign>
<msg timestamp="20210902 08:52:11.336" level="INFO">${sql} = None</msg>
<status status="PASS" starttime="20210902 08:52:11.336" endtime="20210902 08:52:11.336"></status>
</kw>
<kw name="Create Dictionary" library="BuiltIn">
<doc>Creates and returns a dictionary based on the given ``items``.</doc>
<arguments>
<arg>Content-Type=application/x-www-form-urlencoded</arg>
</arguments>
<assign>
<var>${header}</var>
</assign>
<msg timestamp="20210902 08:52:11.337" level="INFO">${header} = {'Content-Type': 'application/x-www-form-urlencoded'}</msg>
<status status="PASS" starttime="20210902 08:52:11.337" endtime="20210902 08:52:11.337"></status>
</kw>
<kw name="Create Session" library="RequestsLibrary">
<doc>Create Session: create a HTTP session to a server</doc>
<arguments>
<arg>url</arg>
<arg>${server}</arg>
<arg>headers=${header}</arg>
</arguments>
<msg timestamp="20210902 08:52:11.337" level="INFO">Creating Session using : alias=url, url=http://sqwy.wt.com:5130/smart_community_information_correct, headers={'Content-Type': 'application/x-www-form-urlencoded'},                     cookies={}, auth=None, timeout=None, proxies=None, verify=False,                     debug=0 </msg>
<status status="PASS" starttime="20210902 08:52:11.337" endtime="20210902 08:52:11.337"></status>
</kw>
<kw name="Post On Session" library="RequestsLibrary">
<doc>Sends a POST request on a previously created HTTP Session.</doc>
<arguments>
<arg>url</arg>
<arg>${url}</arg>
<arg>data=${data}</arg>
</arguments>
<assign>
<var>${resp}</var>
</assign>
<msg timestamp="20210902 08:52:12.123" level="INFO">POST Request : url=http://sqwy.wt.com:5130/smart_community_information_correct/statisticalQuery/emergencyCompletionRate 
 path_url=/smart_community_information_correct/statisticalQuery/emergencyCompletionRate 
 headers={'User-Agent': 'python-requests/2.22.0', 'Accept-Encoding': 'gzip, deflate', 'Accept': '*/*', 'Connection': 'keep-alive', 'Content-Type': 'application/x-www-form-urlencoded', 'Content-Length': '127'} 
 body=createBeginTime=2021-07-01&amp;createEndTime=2021-07-31&amp;emergencyTypeId=&amp;emergencyTypeQueryId=&amp;queryId=129&amp;queryIdType=&amp;basicId=129 
 </msg>
<msg timestamp="20210902 08:52:12.123" level="INFO">POST Response : url=http://sqwy.wt.com:5130/smart_community_information_correct/statisticalQuery/emergencyCompletionRate 
 status=200, reason= 
 headers={'Server': 'nginx/1.15.2', 'Date': 'Thu, 02 Sep 2021 00:52:10 GMT', 'Content-Type': 'application/json;charset=UTF-8', 'Transfer-Encoding': 'chunked', 'Connection': 'keep-alive'} 
 body={"code":200,"message":"request successful","data":[{"discCodeDesc":"文瀛湖街道","emergencyCompletionRateNumSort":0.0,"emergencyCompletionRateNum":"100.00%","sort":null},{"discCodeDesc":"水泊寺街道","emergencyCompletionRateNumSort":0.0,"emergencyCompletionRateNum":"100.00%","sort":null},{"discCodeDesc":"新旺街道","emergencyCompletionRateNumSort":0.0,"emergencyCompletionRateNum":"92.47%","sort":null},{"discCodeDesc":"大庆路街道","emergencyCompletionRateNumSort":0.0,"emergencyCompletionRateNum":"86.80%","sort":null},{"discCodeDesc":"开源街道","emergencyCompletionRateNumSort":0.0,"emergencyCompletionRateNum":"84.57%","sort":null},{"discCodeDesc":"迎宾街道","emergencyCompletionRateNumSort":0.0,"emergencyCompletionRateNum":"88.07%","sort":null},{"discCodeDesc":"武定街道","emergencyCompletionRateNumSort":0.0,"emergencyCompletionRateNum":"83.33%","sort":null},{"discCodeDesc":"清远街道","emergencyCompletionRateNumSort":0.0,"emergencyCompletionRateNum":"86.96%","sort":null},{"discCodeDesc":"御河街道","emergencyCompletionRateNumSort":0.0,"emergencyCompletionRateNum":"96.88%","sort":null},{"discCodeDesc":"卧虎湾街道","emergencyCompletionRateNumSort":0.0,"emergencyCompletionRateNum":"96.05%","sort":null},{"discCodeDesc":"鹿苑街道","emergencyCompletionRateNumSort":0.0,"emergencyCompletionRateNum":"74.36%","sort":null},{"discCodeDesc":"白登山街道","emergencyCompletionRateNumSort":0.0,"emergencyCompletionRateNum":"85.71%","sort":null},{"discCodeDesc":"永泰街道","emergencyCompletionRateNumSort":0.0,"emergencyCompletionRateNum":"91.89%","sort":null},{"discCodeDesc":"小南头街道","emergencyCompletionRateNumSort":0.0,"emergencyCompletionRateNum":"92.31%","sort":null},{"discCodeDesc":"新华街道","emergencyCompletionRateNumSort":0.0,"emergencyCompletionRateNum":"84.00%","sort":null},{"discCodeDesc":"马军营街道","emergencyCompletionRateNumSort":0.0,"emergencyCompletionRateNum":"56.00%","sort":null},{"discCodeDesc":"振华街道","emergencyCompletionRateNumSort":0.0,"emergencyCompletionRateNum":"66.67%","sort":null},{"discCodeDesc":"古城街道","emergencyCompletionRateNumSort":0.0,"emergencyCompletionRateNum":"0.00%","sort":null}]} 
 </msg>
<msg timestamp="20210902 08:52:12.124" level="INFO">${resp} = &lt;Response [200]&gt;</msg>
<status status="PASS" starttime="20210902 08:52:11.337" endtime="20210902 08:52:12.124"></status>
</kw>
<kw name="Log" library="BuiltIn">
<doc>Logs the given message with the given level.</doc>
<arguments>
<arg>${resp.json}</arg>
</arguments>
<msg timestamp="20210902 08:52:12.124" level="INFO">&lt;bound method Response.json of &lt;Response [200]&gt;&gt;</msg>
<status status="PASS" starttime="20210902 08:52:12.124" endtime="20210902 08:52:12.124"></status>
</kw>
<kw name="Should Be Equal As Strings" library="BuiltIn">
<doc>Fails if objects are unequal after converting them to strings.</doc>
<arguments>
<arg>${resp.status_code}</arg>
<arg>${status}</arg>
</arguments>
<status status="PASS" starttime="20210902 08:52:12.124" endtime="20210902 08:52:12.125"></status>
</kw>
<kw name="Should Be Equal As Strings" library="BuiltIn">
<doc>Fails if objects are unequal after converting them to strings.</doc>
<arguments>
<arg>${resp.json()['message']}</arg>
<arg>request successful</arg>
</arguments>
<status status="PASS" starttime="20210902 08:52:12.125" endtime="20210902 08:52:12.125"></status>
</kw>
<status status="PASS" starttime="20210902 08:52:11.335" endtime="20210902 08:52:12.125"></status>
</kw>
<kw name="${x} = 3" type="foritem">
<kw name="Set Variable" library="BuiltIn">
<doc>Returns the given values which can then be assigned to a variables.</doc>
<arguments>
<arg>${data_sheet[${x}][0]}</arg>
</arguments>
<assign>
<var>${interfaceName}</var>
</assign>
<msg timestamp="20210902 08:52:12.125" level="INFO">${interfaceName} = 有效事件办结数</msg>
<status status="PASS" starttime="20210902 08:52:12.125" endtime="20210902 08:52:12.125"></status>
</kw>
<kw name="Set Variable" library="BuiltIn">
<doc>Returns the given values which can then be assigned to a variables.</doc>
<arguments>
<arg>${data_sheet[${x}][1]}</arg>
</arguments>
<assign>
<var>${url}</var>
</assign>
<msg timestamp="20210902 08:52:12.126" level="INFO">${url} = /statisticalQuery/emergencyCompletionRate</msg>
<status status="PASS" starttime="20210902 08:52:12.125" endtime="20210902 08:52:12.126"></status>
</kw>
<kw name="Set Variable" library="BuiltIn">
<doc>Returns the given values which can then be assigned to a variables.</doc>
<arguments>
<arg>${data_sheet[${x}][2]}</arg>
</arguments>
<assign>
<var>${data}</var>
</assign>
<msg timestamp="20210902 08:52:12.126" level="INFO">${data} = createBeginTime=2021-06-01&amp;createEndTime=2021-06-30&amp;emergencyTypeId=&amp;emergencyTypeQueryId=2&amp;queryId=132&amp;queryIdType=&amp;basicId=132</msg>
<status status="PASS" starttime="20210902 08:52:12.126" endtime="20210902 08:52:12.126"></status>
</kw>
<kw name="Set Variable" library="BuiltIn">
<doc>Returns the given values which can then be assigned to a variables.</doc>
<arguments>
<arg>${data_sheet[${x}][3]}</arg>
</arguments>
<assign>
<var>${status}</var>
</assign>
<msg timestamp="20210902 08:52:12.126" level="INFO">${status} = 200</msg>
<status status="PASS" starttime="20210902 08:52:12.126" endtime="20210902 08:52:12.126"></status>
</kw>
<kw name="Set Variable" library="BuiltIn">
<doc>Returns the given values which can then be assigned to a variables.</doc>
<arguments>
<arg>${data_sheet[${x}][4]}</arg>
</arguments>
<assign>
<var>${sql}</var>
</assign>
<msg timestamp="20210902 08:52:12.127" level="INFO">${sql} = None</msg>
<status status="PASS" starttime="20210902 08:52:12.126" endtime="20210902 08:52:12.127"></status>
</kw>
<kw name="Create Dictionary" library="BuiltIn">
<doc>Creates and returns a dictionary based on the given ``items``.</doc>
<arguments>
<arg>Content-Type=application/x-www-form-urlencoded</arg>
</arguments>
<assign>
<var>${header}</var>
</assign>
<msg timestamp="20210902 08:52:12.127" level="INFO">${header} = {'Content-Type': 'application/x-www-form-urlencoded'}</msg>
<status status="PASS" starttime="20210902 08:52:12.127" endtime="20210902 08:52:12.127"></status>
</kw>
<kw name="Create Session" library="RequestsLibrary">
<doc>Create Session: create a HTTP session to a server</doc>
<arguments>
<arg>url</arg>
<arg>${server}</arg>
<arg>headers=${header}</arg>
</arguments>
<msg timestamp="20210902 08:52:12.127" level="INFO">Creating Session using : alias=url, url=http://sqwy.wt.com:5130/smart_community_information_correct, headers={'Content-Type': 'application/x-www-form-urlencoded'},                     cookies={}, auth=None, timeout=None, proxies=None, verify=False,                     debug=0 </msg>
<status status="PASS" starttime="20210902 08:52:12.127" endtime="20210902 08:52:12.128"></status>
</kw>
<kw name="Post On Session" library="RequestsLibrary">
<doc>Sends a POST request on a previously created HTTP Session.</doc>
<arguments>
<arg>url</arg>
<arg>${url}</arg>
<arg>data=${data}</arg>
</arguments>
<assign>
<var>${resp}</var>
</assign>
<msg timestamp="20210902 08:52:12.826" level="INFO">POST Request : url=http://sqwy.wt.com:5130/smart_community_information_correct/statisticalQuery/emergencyCompletionRate 
 path_url=/smart_community_information_correct/statisticalQuery/emergencyCompletionRate 
 headers={'User-Agent': 'python-requests/2.22.0', 'Accept-Encoding': 'gzip, deflate', 'Accept': '*/*', 'Connection': 'keep-alive', 'Content-Type': 'application/x-www-form-urlencoded', 'Content-Length': '128'} 
 body=createBeginTime=2021-06-01&amp;createEndTime=2021-06-30&amp;emergencyTypeId=&amp;emergencyTypeQueryId=2&amp;queryId=132&amp;queryIdType=&amp;basicId=132 
 </msg>
<msg timestamp="20210902 08:52:12.826" level="INFO">POST Response : url=http://sqwy.wt.com:5130/smart_community_information_correct/statisticalQuery/emergencyCompletionRate 
 status=200, reason= 
 headers={'Server': 'nginx/1.15.2', 'Date': 'Thu, 02 Sep 2021 00:52:11 GMT', 'Content-Type': 'application/json;charset=UTF-8', 'Transfer-Encoding': 'chunked', 'Connection': 'keep-alive'} 
 body={"code":200,"message":"request successful","data":[{"discCodeDesc":"大十字社区","emergencyCompletionRateNumSort":0.0,"emergencyCompletionRateNum":"0.00%","sort":null},{"discCodeDesc":"帅府社区","emergencyCompletionRateNumSort":0.0,"emergencyCompletionRateNum":"0.00%","sort":null},{"discCodeDesc":"华严寺社区","emergencyCompletionRateNumSort":0.0,"emergencyCompletionRateNum":"0.00%","sort":null},{"discCodeDesc":"教场街社区","emergencyCompletionRateNumSort":0.0,"emergencyCompletionRateNum":"0.00%","sort":null},{"discCodeDesc":"纯阳宫社区","emergencyCompletionRateNumSort":0.0,"emergencyCompletionRateNum":"0.00%","sort":null},{"discCodeDesc":"仁和美社区","emergencyCompletionRateNumSort":0.0,"emergencyCompletionRateNum":"0.00%","sort":null},{"discCodeDesc":"鼓楼社区","emergencyCompletionRateNumSort":0.0,"emergencyCompletionRateNum":"0.00%","sort":null},{"discCodeDesc":"雁塔社区","emergencyCompletionRateNumSort":0.0,"emergencyCompletionRateNum":"0.00%","sort":null},{"discCodeDesc":"长青社区","emergencyCompletionRateNumSort":0.0,"emergencyCompletionRateNum":"0.00%","sort":null},{"discCodeDesc":"兴云社区","emergencyCompletionRateNumSort":0.0,"emergencyCompletionRateNum":"0.00%","sort":null},{"discCodeDesc":"和阳社区","emergencyCompletionRateNumSort":0.0,"emergencyCompletionRateNum":"0.00%","sort":null},{"discCodeDesc":"云林社区","emergencyCompletionRateNumSort":0.0,"emergencyCompletionRateNum":"0.00%","sort":null}]} 
 </msg>
<msg timestamp="20210902 08:52:12.826" level="INFO">${resp} = &lt;Response [200]&gt;</msg>
<status status="PASS" starttime="20210902 08:52:12.128" endtime="20210902 08:52:12.826"></status>
</kw>
<kw name="Log" library="BuiltIn">
<doc>Logs the given message with the given level.</doc>
<arguments>
<arg>${resp.json}</arg>
</arguments>
<msg timestamp="20210902 08:52:12.826" level="INFO">&lt;bound method Response.json of &lt;Response [200]&gt;&gt;</msg>
<status status="PASS" starttime="20210902 08:52:12.826" endtime="20210902 08:52:12.827"></status>
</kw>
<kw name="Should Be Equal As Strings" library="BuiltIn">
<doc>Fails if objects are unequal after converting them to strings.</doc>
<arguments>
<arg>${resp.status_code}</arg>
<arg>${status}</arg>
</arguments>
<status status="PASS" starttime="20210902 08:52:12.827" endtime="20210902 08:52:12.827"></status>
</kw>
<kw name="Should Be Equal As Strings" library="BuiltIn">
<doc>Fails if objects are unequal after converting them to strings.</doc>
<arguments>
<arg>${resp.json()['message']}</arg>
<arg>request successful</arg>
</arguments>
<status status="PASS" starttime="20210902 08:52:12.827" endtime="20210902 08:52:12.827"></status>
</kw>
<status status="PASS" starttime="20210902 08:52:12.125" endtime="20210902 08:52:12.827"></status>
</kw>
<kw name="${x} = 4" type="foritem">
<kw name="Set Variable" library="BuiltIn">
<doc>Returns the given values which can then be assigned to a variables.</doc>
<arguments>
<arg>${data_sheet[${x}][0]}</arg>
</arguments>
<assign>
<var>${interfaceName}</var>
</assign>
<msg timestamp="20210902 08:52:12.828" level="INFO">${interfaceName} = 有效事件办结率</msg>
<status status="PASS" starttime="20210902 08:52:12.828" endtime="20210902 08:52:12.828"></status>
</kw>
<kw name="Set Variable" library="BuiltIn">
<doc>Returns the given values which can then be assigned to a variables.</doc>
<arguments>
<arg>${data_sheet[${x}][1]}</arg>
</arguments>
<assign>
<var>${url}</var>
</assign>
<msg timestamp="20210902 08:52:12.828" level="INFO">${url} = /statisticalQuery/emergencyCompletionRate</msg>
<status status="PASS" starttime="20210902 08:52:12.828" endtime="20210902 08:52:12.828"></status>
</kw>
<kw name="Set Variable" library="BuiltIn">
<doc>Returns the given values which can then be assigned to a variables.</doc>
<arguments>
<arg>${data_sheet[${x}][2]}</arg>
</arguments>
<assign>
<var>${data}</var>
</assign>
<msg timestamp="20210902 08:52:12.829" level="INFO">${data} = createBeginTime=2021-08-01&amp;createEndTime=2021-08-31&amp;emergencyTypeId=&amp;emergencyTypeQueryId=&amp;queryId=510&amp;queryIdType=&amp;basicId=510</msg>
<status status="PASS" starttime="20210902 08:52:12.828" endtime="20210902 08:52:12.829"></status>
</kw>
<kw name="Set Variable" library="BuiltIn">
<doc>Returns the given values which can then be assigned to a variables.</doc>
<arguments>
<arg>${data_sheet[${x}][3]}</arg>
</arguments>
<assign>
<var>${status}</var>
</assign>
<msg timestamp="20210902 08:52:12.829" level="INFO">${status} = 200</msg>
<status status="PASS" starttime="20210902 08:52:12.829" endtime="20210902 08:52:12.829"></status>
</kw>
<kw name="Set Variable" library="BuiltIn">
<doc>Returns the given values which can then be assigned to a variables.</doc>
<arguments>
<arg>${data_sheet[${x}][4]}</arg>
</arguments>
<assign>
<var>${sql}</var>
</assign>
<msg timestamp="20210902 08:52:12.830" level="INFO">${sql} = None</msg>
<status status="PASS" starttime="20210902 08:52:12.829" endtime="20210902 08:52:12.830"></status>
</kw>
<kw name="Create Dictionary" library="BuiltIn">
<doc>Creates and returns a dictionary based on the given ``items``.</doc>
<arguments>
<arg>Content-Type=application/x-www-form-urlencoded</arg>
</arguments>
<assign>
<var>${header}</var>
</assign>
<msg timestamp="20210902 08:52:12.830" level="INFO">${header} = {'Content-Type': 'application/x-www-form-urlencoded'}</msg>
<status status="PASS" starttime="20210902 08:52:12.830" endtime="20210902 08:52:12.830"></status>
</kw>
<kw name="Create Session" library="RequestsLibrary">
<doc>Create Session: create a HTTP session to a server</doc>
<arguments>
<arg>url</arg>
<arg>${server}</arg>
<arg>headers=${header}</arg>
</arguments>
<msg timestamp="20210902 08:52:12.830" level="INFO">Creating Session using : alias=url, url=http://sqwy.wt.com:5130/smart_community_information_correct, headers={'Content-Type': 'application/x-www-form-urlencoded'},                     cookies={}, auth=None, timeout=None, proxies=None, verify=False,                     debug=0 </msg>
<status status="PASS" starttime="20210902 08:52:12.830" endtime="20210902 08:52:12.831"></status>
</kw>
<kw name="Post On Session" library="RequestsLibrary">
<doc>Sends a POST request on a previously created HTTP Session.</doc>
<arguments>
<arg>url</arg>
<arg>${url}</arg>
<arg>data=${data}</arg>
</arguments>
<assign>
<var>${resp}</var>
</assign>
<msg timestamp="20210902 08:52:13.307" level="INFO">POST Request : url=http://sqwy.wt.com:5130/smart_community_information_correct/statisticalQuery/emergencyCompletionRate 
 path_url=/smart_community_information_correct/statisticalQuery/emergencyCompletionRate 
 headers={'User-Agent': 'python-requests/2.22.0', 'Accept-Encoding': 'gzip, deflate', 'Accept': '*/*', 'Connection': 'keep-alive', 'Content-Type': 'application/x-www-form-urlencoded', 'Content-Length': '127'} 
 body=createBeginTime=2021-08-01&amp;createEndTime=2021-08-31&amp;emergencyTypeId=&amp;emergencyTypeQueryId=&amp;queryId=510&amp;queryIdType=&amp;basicId=510 
 </msg>
<msg timestamp="20210902 08:52:13.307" level="INFO">POST Response : url=http://sqwy.wt.com:5130/smart_community_information_correct/statisticalQuery/emergencyCompletionRate 
 status=200, reason= 
 headers={'Server': 'nginx/1.15.2', 'Date': 'Thu, 02 Sep 2021 00:52:11 GMT', 'Content-Type': 'application/json;charset=UTF-8', 'Transfer-Encoding': 'chunked', 'Connection': 'keep-alive'} 
 body={"code":200,"message":"request successful","data":[]} 
 </msg>
<msg timestamp="20210902 08:52:13.307" level="INFO">${resp} = &lt;Response [200]&gt;</msg>
<status status="PASS" starttime="20210902 08:52:12.831" endtime="20210902 08:52:13.307"></status>
</kw>
<kw name="Log" library="BuiltIn">
<doc>Logs the given message with the given level.</doc>
<arguments>
<arg>${resp.json}</arg>
</arguments>
<msg timestamp="20210902 08:52:13.308" level="INFO">&lt;bound method Response.json of &lt;Response [200]&gt;&gt;</msg>
<status status="PASS" starttime="20210902 08:52:13.307" endtime="20210902 08:52:13.308"></status>
</kw>
<kw name="Should Be Equal As Strings" library="BuiltIn">
<doc>Fails if objects are unequal after converting them to strings.</doc>
<arguments>
<arg>${resp.status_code}</arg>
<arg>${status}</arg>
</arguments>
<status status="PASS" starttime="20210902 08:52:13.308" endtime="20210902 08:52:13.308"></status>
</kw>
<kw name="Should Be Equal As Strings" library="BuiltIn">
<doc>Fails if objects are unequal after converting them to strings.</doc>
<arguments>
<arg>${resp.json()['message']}</arg>
<arg>request successful</arg>
</arguments>
<status status="PASS" starttime="20210902 08:52:13.308" endtime="20210902 08:52:13.308"></status>
</kw>
<status status="PASS" starttime="20210902 08:52:12.827" endtime="20210902 08:52:13.308"></status>
</kw>
<kw name="${x} = 5" type="foritem">
<kw name="Set Variable" library="BuiltIn">
<doc>Returns the given values which can then be assigned to a variables.</doc>
<arguments>
<arg>${data_sheet[${x}][0]}</arg>
</arguments>
<assign>
<var>${interfaceName}</var>
</assign>
<msg timestamp="20210902 08:52:13.309" level="INFO">${interfaceName} = 矛盾纠纷-上报数-202107-平城区</msg>
<status status="PASS" starttime="20210902 08:52:13.309" endtime="20210902 08:52:13.309"></status>
</kw>
<kw name="Set Variable" library="BuiltIn">
<doc>Returns the given values which can then be assigned to a variables.</doc>
<arguments>
<arg>${data_sheet[${x}][1]}</arg>
</arguments>
<assign>
<var>${url}</var>
</assign>
<msg timestamp="20210902 08:52:13.309" level="INFO">${url} = /statisticalQuery/emergencyCompletionRate</msg>
<status status="PASS" starttime="20210902 08:52:13.309" endtime="20210902 08:52:13.309"></status>
</kw>
<kw name="Set Variable" library="BuiltIn">
<doc>Returns the given values which can then be assigned to a variables.</doc>
<arguments>
<arg>${data_sheet[${x}][2]}</arg>
</arguments>
<assign>
<var>${data}</var>
</assign>
<msg timestamp="20210902 08:52:13.310" level="INFO">${data} = createBeginTime=2021-07-01&amp;createEndTime=2021-07-31&amp;emergencyTypeId=1&amp;emergencyTypeQueryId=&amp;queryId=129&amp;queryIdType=&amp;basicId=129</msg>
<status status="PASS" starttime="20210902 08:52:13.309" endtime="20210902 08:52:13.310"></status>
</kw>
<kw name="Set Variable" library="BuiltIn">
<doc>Returns the given values which can then be assigned to a variables.</doc>
<arguments>
<arg>${data_sheet[${x}][3]}</arg>
</arguments>
<assign>
<var>${status}</var>
</assign>
<msg timestamp="20210902 08:52:13.310" level="INFO">${status} = 200</msg>
<status status="PASS" starttime="20210902 08:52:13.310" endtime="20210902 08:52:13.310"></status>
</kw>
<kw name="Set Variable" library="BuiltIn">
<doc>Returns the given values which can then be assigned to a variables.</doc>
<arguments>
<arg>${data_sheet[${x}][4]}</arg>
</arguments>
<assign>
<var>${sql}</var>
</assign>
<msg timestamp="20210902 08:52:13.310" level="INFO">${sql} = None</msg>
<status status="PASS" starttime="20210902 08:52:13.310" endtime="20210902 08:52:13.310"></status>
</kw>
<kw name="Create Dictionary" library="BuiltIn">
<doc>Creates and returns a dictionary based on the given ``items``.</doc>
<arguments>
<arg>Content-Type=application/x-www-form-urlencoded</arg>
</arguments>
<assign>
<var>${header}</var>
</assign>
<msg timestamp="20210902 08:52:13.311" level="INFO">${header} = {'Content-Type': 'application/x-www-form-urlencoded'}</msg>
<status status="PASS" starttime="20210902 08:52:13.310" endtime="20210902 08:52:13.311"></status>
</kw>
<kw name="Create Session" library="RequestsLibrary">
<doc>Create Session: create a HTTP session to a server</doc>
<arguments>
<arg>url</arg>
<arg>${server}</arg>
<arg>headers=${header}</arg>
</arguments>
<msg timestamp="20210902 08:52:13.311" level="INFO">Creating Session using : alias=url, url=http://sqwy.wt.com:5130/smart_community_information_correct, headers={'Content-Type': 'application/x-www-form-urlencoded'},                     cookies={}, auth=None, timeout=None, proxies=None, verify=False,                     debug=0 </msg>
<status status="PASS" starttime="20210902 08:52:13.311" endtime="20210902 08:52:13.311"></status>
</kw>
<kw name="Post On Session" library="RequestsLibrary">
<doc>Sends a POST request on a previously created HTTP Session.</doc>
<arguments>
<arg>url</arg>
<arg>${url}</arg>
<arg>data=${data}</arg>
</arguments>
<assign>
<var>${resp}</var>
</assign>
<msg timestamp="20210902 08:52:14.055" level="INFO">POST Request : url=http://sqwy.wt.com:5130/smart_community_information_correct/statisticalQuery/emergencyCompletionRate 
 path_url=/smart_community_information_correct/statisticalQuery/emergencyCompletionRate 
 headers={'User-Agent': 'python-requests/2.22.0', 'Accept-Encoding': 'gzip, deflate', 'Accept': '*/*', 'Connection': 'keep-alive', 'Content-Type': 'application/x-www-form-urlencoded', 'Content-Length': '128'} 
 body=createBeginTime=2021-07-01&amp;createEndTime=2021-07-31&amp;emergencyTypeId=1&amp;emergencyTypeQueryId=&amp;queryId=129&amp;queryIdType=&amp;basicId=129 
 </msg>
<msg timestamp="20210902 08:52:14.056" level="INFO">POST Response : url=http://sqwy.wt.com:5130/smart_community_information_correct/statisticalQuery/emergencyCompletionRate 
 status=200, reason= 
 headers={'Server': 'nginx/1.15.2', 'Date': 'Thu, 02 Sep 2021 00:52:12 GMT', 'Content-Type': 'application/json;charset=UTF-8', 'Transfer-Encoding': 'chunked', 'Connection': 'keep-alive'} 
 body={"code":200,"message":"request successful","data":[{"discCodeDesc":"新旺街道","emergencyCompletionRateNumSort":0.0,"emergencyCompletionRateNum":"96.55%","sort":null},{"discCodeDesc":"迎宾街道","emergencyCompletionRateNumSort":0.0,"emergencyCompletionRateNum":"87.50%","sort":null},{"discCodeDesc":"文瀛湖街道","emergencyCompletionRateNumSort":0.0,"emergencyCompletionRateNum":"100.00%","sort":null},{"discCodeDesc":"水泊寺街道","emergencyCompletionRateNumSort":0.0,"emergencyCompletionRateNum":"100.00%","sort":null},{"discCodeDesc":"武定街道","emergencyCompletionRateNumSort":0.0,"emergencyCompletionRateNum":"100.00%","sort":null},{"discCodeDesc":"清远街道","emergencyCompletionRateNumSort":0.0,"emergencyCompletionRateNum":"88.89%","sort":null},{"discCodeDesc":"开源街道","emergencyCompletionRateNumSort":0.0,"emergencyCompletionRateNum":"87.50%","sort":null},{"discCodeDesc":"白登山街道","emergencyCompletionRateNumSort":0.0,"emergencyCompletionRateNum":"100.00%","sort":null},{"discCodeDesc":"小南头街道","emergencyCompletionRateNumSort":0.0,"emergencyCompletionRateNum":"100.00%","sort":null},{"discCodeDesc":"新华街道","emergencyCompletionRateNumSort":0.0,"emergencyCompletionRateNum":"100.00%","sort":null},{"discCodeDesc":"永泰街道","emergencyCompletionRateNumSort":0.0,"emergencyCompletionRateNum":"100.00%","sort":null},{"discCodeDesc":"鹿苑街道","emergencyCompletionRateNumSort":0.0,"emergencyCompletionRateNum":"75.00%","sort":null},{"discCodeDesc":"振华街道","emergencyCompletionRateNumSort":0.0,"emergencyCompletionRateNum":"100.00%","sort":null},{"discCodeDesc":"卧虎湾街道","emergencyCompletionRateNumSort":0.0,"emergencyCompletionRateNum":"75.00%","sort":null},{"discCodeDesc":"御河街道","emergencyCompletionRateNumSort":0.0,"emergencyCompletionRateNum":"100.00%","sort":null},{"discCodeDesc":"大庆路街道","emergencyCompletionRateNumSort":0.0,"emergencyCompletionRateNum":"100.00%","sort":null},{"discCodeDesc":"马军营街道","emergencyCompletionRateNumSort":0.0,"emergencyCompletionRateNum":"50.00%","sort":null},{"discCodeDesc":"古城街道","emergencyCompletionRateNumSort":0.0,"emergencyCompletionRateNum":"0.00%","sort":null}]} 
 </msg>
<msg timestamp="20210902 08:52:14.056" level="INFO">${resp} = &lt;Response [200]&gt;</msg>
<status status="PASS" starttime="20210902 08:52:13.311" endtime="20210902 08:52:14.056"></status>
</kw>
<kw name="Log" library="BuiltIn">
<doc>Logs the given message with the given level.</doc>
<arguments>
<arg>${resp.json}</arg>
</arguments>
<msg timestamp="20210902 08:52:14.056" level="INFO">&lt;bound method Response.json of &lt;Response [200]&gt;&gt;</msg>
<status status="PASS" starttime="20210902 08:52:14.056" endtime="20210902 08:52:14.056"></status>
</kw>
<kw name="Should Be Equal As Strings" library="BuiltIn">
<doc>Fails if objects are unequal after converting them to strings.</doc>
<arguments>
<arg>${resp.status_code}</arg>
<arg>${status}</arg>
</arguments>
<status status="PASS" starttime="20210902 08:52:14.056" endtime="20210902 08:52:14.056"></status>
</kw>
<kw name="Should Be Equal As Strings" library="BuiltIn">
<doc>Fails if objects are unequal after converting them to strings.</doc>
<arguments>
<arg>${resp.json()['message']}</arg>
<arg>request successful</arg>
</arguments>
<status status="PASS" starttime="20210902 08:52:14.057" endtime="20210902 08:52:14.057"></status>
</kw>
<status status="PASS" starttime="20210902 08:52:13.308" endtime="20210902 08:52:14.057"></status>
</kw>
<kw name="${x} = 6" type="foritem">
<kw name="Set Variable" library="BuiltIn">
<doc>Returns the given values which can then be assigned to a variables.</doc>
<arguments>
<arg>${data_sheet[${x}][0]}</arg>
</arguments>
<assign>
<var>${interfaceName}</var>
</assign>
<msg timestamp="20210902 08:52:14.057" level="INFO">${interfaceName} = 矛盾纠纷-办结数-202106-古城街道</msg>
<status status="PASS" starttime="20210902 08:52:14.057" endtime="20210902 08:52:14.057"></status>
</kw>
<kw name="Set Variable" library="BuiltIn">
<doc>Returns the given values which can then be assigned to a variables.</doc>
<arguments>
<arg>${data_sheet[${x}][1]}</arg>
</arguments>
<assign>
<var>${url}</var>
</assign>
<msg timestamp="20210902 08:52:14.058" level="INFO">${url} = /statisticalQuery/emergencyCompletionRate</msg>
<status status="PASS" starttime="20210902 08:52:14.057" endtime="20210902 08:52:14.058"></status>
</kw>
<kw name="Set Variable" library="BuiltIn">
<doc>Returns the given values which can then be assigned to a variables.</doc>
<arguments>
<arg>${data_sheet[${x}][2]}</arg>
</arguments>
<assign>
<var>${data}</var>
</assign>
<msg timestamp="20210902 08:52:14.058" level="INFO">${data} = createBeginTime=2021-06-01&amp;createEndTime=2021-06-30&amp;emergencyTypeId=1&amp;emergencyTypeQueryId=2&amp;queryId=132&amp;queryIdType=&amp;basicId=132</msg>
<status status="PASS" starttime="20210902 08:52:14.058" endtime="20210902 08:52:14.058"></status>
</kw>
<kw name="Set Variable" library="BuiltIn">
<doc>Returns the given values which can then be assigned to a variables.</doc>
<arguments>
<arg>${data_sheet[${x}][3]}</arg>
</arguments>
<assign>
<var>${status}</var>
</assign>
<msg timestamp="20210902 08:52:14.058" level="INFO">${status} = 200</msg>
<status status="PASS" starttime="20210902 08:52:14.058" endtime="20210902 08:52:14.058"></status>
</kw>
<kw name="Set Variable" library="BuiltIn">
<doc>Returns the given values which can then be assigned to a variables.</doc>
<arguments>
<arg>${data_sheet[${x}][4]}</arg>
</arguments>
<assign>
<var>${sql}</var>
</assign>
<msg timestamp="20210902 08:52:14.059" level="INFO">${sql} = None</msg>
<status status="PASS" starttime="20210902 08:52:14.058" endtime="20210902 08:52:14.059"></status>
</kw>
<kw name="Create Dictionary" library="BuiltIn">
<doc>Creates and returns a dictionary based on the given ``items``.</doc>
<arguments>
<arg>Content-Type=application/x-www-form-urlencoded</arg>
</arguments>
<assign>
<var>${header}</var>
</assign>
<msg timestamp="20210902 08:52:14.059" level="INFO">${header} = {'Content-Type': 'application/x-www-form-urlencoded'}</msg>
<status status="PASS" starttime="20210902 08:52:14.059" endtime="20210902 08:52:14.059"></status>
</kw>
<kw name="Create Session" library="RequestsLibrary">
<doc>Create Session: create a HTTP session to a server</doc>
<arguments>
<arg>url</arg>
<arg>${server}</arg>
<arg>headers=${header}</arg>
</arguments>
<msg timestamp="20210902 08:52:14.059" level="INFO">Creating Session using : alias=url, url=http://sqwy.wt.com:5130/smart_community_information_correct, headers={'Content-Type': 'application/x-www-form-urlencoded'},                     cookies={}, auth=None, timeout=None, proxies=None, verify=False,                     debug=0 </msg>
<status status="PASS" starttime="20210902 08:52:14.059" endtime="20210902 08:52:14.060"></status>
</kw>
<kw name="Post On Session" library="RequestsLibrary">
<doc>Sends a POST request on a previously created HTTP Session.</doc>
<arguments>
<arg>url</arg>
<arg>${url}</arg>
<arg>data=${data}</arg>
</arguments>
<assign>
<var>${resp}</var>
</assign>
<msg timestamp="20210902 08:52:14.766" level="INFO">POST Request : url=http://sqwy.wt.com:5130/smart_community_information_correct/statisticalQuery/emergencyCompletionRate 
 path_url=/smart_community_information_correct/statisticalQuery/emergencyCompletionRate 
 headers={'User-Agent': 'python-requests/2.22.0', 'Accept-Encoding': 'gzip, deflate', 'Accept': '*/*', 'Connection': 'keep-alive', 'Content-Type': 'application/x-www-form-urlencoded', 'Content-Length': '129'} 
 body=createBeginTime=2021-06-01&amp;createEndTime=2021-06-30&amp;emergencyTypeId=1&amp;emergencyTypeQueryId=2&amp;queryId=132&amp;queryIdType=&amp;basicId=132 
 </msg>
<msg timestamp="20210902 08:52:14.766" level="INFO">POST Response : url=http://sqwy.wt.com:5130/smart_community_information_correct/statisticalQuery/emergencyCompletionRate 
 status=200, reason= 
 headers={'Server': 'nginx/1.15.2', 'Date': 'Thu, 02 Sep 2021 00:52:13 GMT', 'Content-Type': 'application/json;charset=UTF-8', 'Transfer-Encoding': 'chunked', 'Connection': 'keep-alive'} 
 body={"code":200,"message":"request successful","data":[{"discCodeDesc":"大十字社区","emergencyCompletionRateNumSort":0.0,"emergencyCompletionRateNum":"0.00%","sort":null},{"discCodeDesc":"帅府社区","emergencyCompletionRateNumSort":0.0,"emergencyCompletionRateNum":"0.00%","sort":null},{"discCodeDesc":"华严寺社区","emergencyCompletionRateNumSort":0.0,"emergencyCompletionRateNum":"0.00%","sort":null},{"discCodeDesc":"教场街社区","emergencyCompletionRateNumSort":0.0,"emergencyCompletionRateNum":"0.00%","sort":null},{"discCodeDesc":"纯阳宫社区","emergencyCompletionRateNumSort":0.0,"emergencyCompletionRateNum":"0.00%","sort":null},{"discCodeDesc":"仁和美社区","emergencyCompletionRateNumSort":0.0,"emergencyCompletionRateNum":"0.00%","sort":null},{"discCodeDesc":"鼓楼社区","emergencyCompletionRateNumSort":0.0,"emergencyCompletionRateNum":"0.00%","sort":null},{"discCodeDesc":"雁塔社区","emergencyCompletionRateNumSort":0.0,"emergencyCompletionRateNum":"0.00%","sort":null},{"discCodeDesc":"长青社区","emergencyCompletionRateNumSort":0.0,"emergencyCompletionRateNum":"0.00%","sort":null},{"discCodeDesc":"兴云社区","emergencyCompletionRateNumSort":0.0,"emergencyCompletionRateNum":"0.00%","sort":null},{"discCodeDesc":"和阳社区","emergencyCompletionRateNumSort":0.0,"emergencyCompletionRateNum":"0.00%","sort":null},{"discCodeDesc":"云林社区","emergencyCompletionRateNumSort":0.0,"emergencyCompletionRateNum":"0.00%","sort":null}]} 
 </msg>
<msg timestamp="20210902 08:52:14.766" level="INFO">${resp} = &lt;Response [200]&gt;</msg>
<status status="PASS" starttime="20210902 08:52:14.060" endtime="20210902 08:52:14.766"></status>
</kw>
<kw name="Log" library="BuiltIn">
<doc>Logs the given message with the given level.</doc>
<arguments>
<arg>${resp.json}</arg>
</arguments>
<msg timestamp="20210902 08:52:14.767" level="INFO">&lt;bound method Response.json of &lt;Response [200]&gt;&gt;</msg>
<status status="PASS" starttime="20210902 08:52:14.766" endtime="20210902 08:52:14.767"></status>
</kw>
<kw name="Should Be Equal As Strings" library="BuiltIn">
<doc>Fails if objects are unequal after converting them to strings.</doc>
<arguments>
<arg>${resp.status_code}</arg>
<arg>${status}</arg>
</arguments>
<status status="PASS" starttime="20210902 08:52:14.767" endtime="20210902 08:52:14.767"></status>
</kw>
<kw name="Should Be Equal As Strings" library="BuiltIn">
<doc>Fails if objects are unequal after converting them to strings.</doc>
<arguments>
<arg>${resp.json()['message']}</arg>
<arg>request successful</arg>
</arguments>
<status status="PASS" starttime="20210902 08:52:14.767" endtime="20210902 08:52:14.768"></status>
</kw>
<status status="PASS" starttime="20210902 08:52:14.057" endtime="20210902 08:52:14.768"></status>
</kw>
<kw name="${x} = 7" type="foritem">
<kw name="Set Variable" library="BuiltIn">
<doc>Returns the given values which can then be assigned to a variables.</doc>
<arguments>
<arg>${data_sheet[${x}][0]}</arg>
</arguments>
<assign>
<var>${interfaceName}</var>
</assign>
<msg timestamp="20210902 08:52:14.768" level="INFO">${interfaceName} = 矛盾纠纷-办结率-202108-柳港园C区社区</msg>
<status status="PASS" starttime="20210902 08:52:14.768" endtime="20210902 08:52:14.768"></status>
</kw>
<kw name="Set Variable" library="BuiltIn">
<doc>Returns the given values which can then be assigned to a variables.</doc>
<arguments>
<arg>${data_sheet[${x}][1]}</arg>
</arguments>
<assign>
<var>${url}</var>
</assign>
<msg timestamp="20210902 08:52:14.768" level="INFO">${url} = /statisticalQuery/emergencyCompletionRate</msg>
<status status="PASS" starttime="20210902 08:52:14.768" endtime="20210902 08:52:14.768"></status>
</kw>
<kw name="Set Variable" library="BuiltIn">
<doc>Returns the given values which can then be assigned to a variables.</doc>
<arguments>
<arg>${data_sheet[${x}][2]}</arg>
</arguments>
<assign>
<var>${data}</var>
</assign>
<msg timestamp="20210902 08:52:14.769" level="INFO">${data} = createBeginTime=2021-07-01&amp;createEndTime=2021-07-31&amp;emergencyTypeId=1&amp;emergencyTypeQueryId=&amp;queryId=510&amp;queryIdType=&amp;basicId=510</msg>
<status status="PASS" starttime="20210902 08:52:14.769" endtime="20210902 08:52:14.769"></status>
</kw>
<kw name="Set Variable" library="BuiltIn">
<doc>Returns the given values which can then be assigned to a variables.</doc>
<arguments>
<arg>${data_sheet[${x}][3]}</arg>
</arguments>
<assign>
<var>${status}</var>
</assign>
<msg timestamp="20210902 08:52:14.769" level="INFO">${status} = 200</msg>
<status status="PASS" starttime="20210902 08:52:14.769" endtime="20210902 08:52:14.769"></status>
</kw>
<kw name="Set Variable" library="BuiltIn">
<doc>Returns the given values which can then be assigned to a variables.</doc>
<arguments>
<arg>${data_sheet[${x}][4]}</arg>
</arguments>
<assign>
<var>${sql}</var>
</assign>
<msg timestamp="20210902 08:52:14.770" level="INFO">${sql} = None</msg>
<status status="PASS" starttime="20210902 08:52:14.769" endtime="20210902 08:52:14.770"></status>
</kw>
<kw name="Create Dictionary" library="BuiltIn">
<doc>Creates and returns a dictionary based on the given ``items``.</doc>
<arguments>
<arg>Content-Type=application/x-www-form-urlencoded</arg>
</arguments>
<assign>
<var>${header}</var>
</assign>
<msg timestamp="20210902 08:52:14.770" level="INFO">${header} = {'Content-Type': 'application/x-www-form-urlencoded'}</msg>
<status status="PASS" starttime="20210902 08:52:14.770" endtime="20210902 08:52:14.770"></status>
</kw>
<kw name="Create Session" library="RequestsLibrary">
<doc>Create Session: create a HTTP session to a server</doc>
<arguments>
<arg>url</arg>
<arg>${server}</arg>
<arg>headers=${header}</arg>
</arguments>
<msg timestamp="20210902 08:52:14.770" level="INFO">Creating Session using : alias=url, url=http://sqwy.wt.com:5130/smart_community_information_correct, headers={'Content-Type': 'application/x-www-form-urlencoded'},                     cookies={}, auth=None, timeout=None, proxies=None, verify=False,                     debug=0 </msg>
<status status="PASS" starttime="20210902 08:52:14.770" endtime="20210902 08:52:14.771"></status>
</kw>
<kw name="Post On Session" library="RequestsLibrary">
<doc>Sends a POST request on a previously created HTTP Session.</doc>
<arguments>
<arg>url</arg>
<arg>${url}</arg>
<arg>data=${data}</arg>
</arguments>
<assign>
<var>${resp}</var>
</assign>
<msg timestamp="20210902 08:52:15.305" level="INFO">POST Request : url=http://sqwy.wt.com:5130/smart_community_information_correct/statisticalQuery/emergencyCompletionRate 
 path_url=/smart_community_information_correct/statisticalQuery/emergencyCompletionRate 
 headers={'User-Agent': 'python-requests/2.22.0', 'Accept-Encoding': 'gzip, deflate', 'Accept': '*/*', 'Connection': 'keep-alive', 'Content-Type': 'application/x-www-form-urlencoded', 'Content-Length': '128'} 
 body=createBeginTime=2021-07-01&amp;createEndTime=2021-07-31&amp;emergencyTypeId=1&amp;emergencyTypeQueryId=&amp;queryId=510&amp;queryIdType=&amp;basicId=510 
 </msg>
<msg timestamp="20210902 08:52:15.305" level="INFO">POST Response : url=http://sqwy.wt.com:5130/smart_community_information_correct/statisticalQuery/emergencyCompletionRate 
 status=200, reason= 
 headers={'Server': 'nginx/1.15.2', 'Date': 'Thu, 02 Sep 2021 00:52:13 GMT', 'Content-Type': 'application/json;charset=UTF-8', 'Transfer-Encoding': 'chunked', 'Connection': 'keep-alive'} 
 body={"code":200,"message":"request successful","data":[]} 
 </msg>
<msg timestamp="20210902 08:52:15.305" level="INFO">${resp} = &lt;Response [200]&gt;</msg>
<status status="PASS" starttime="20210902 08:52:14.771" endtime="20210902 08:52:15.305"></status>
</kw>
<kw name="Log" library="BuiltIn">
<doc>Logs the given message with the given level.</doc>
<arguments>
<arg>${resp.json}</arg>
</arguments>
<msg timestamp="20210902 08:52:15.305" level="INFO">&lt;bound method Response.json of &lt;Response [200]&gt;&gt;</msg>
<status status="PASS" starttime="20210902 08:52:15.305" endtime="20210902 08:52:15.305"></status>
</kw>
<kw name="Should Be Equal As Strings" library="BuiltIn">
<doc>Fails if objects are unequal after converting them to strings.</doc>
<arguments>
<arg>${resp.status_code}</arg>
<arg>${status}</arg>
</arguments>
<status status="PASS" starttime="20210902 08:52:15.305" endtime="20210902 08:52:15.306"></status>
</kw>
<kw name="Should Be Equal As Strings" library="BuiltIn">
<doc>Fails if objects are unequal after converting them to strings.</doc>
<arguments>
<arg>${resp.json()['message']}</arg>
<arg>request successful</arg>
</arguments>
<status status="PASS" starttime="20210902 08:52:15.306" endtime="20210902 08:52:15.306"></status>
</kw>
<status status="PASS" starttime="20210902 08:52:14.768" endtime="20210902 08:52:15.306"></status>
</kw>
<kw name="${x} = 8" type="foritem">
<kw name="Set Variable" library="BuiltIn">
<doc>Returns the given values which can then be assigned to a variables.</doc>
<arguments>
<arg>${data_sheet[${x}][0]}</arg>
</arguments>
<assign>
<var>${interfaceName}</var>
</assign>
<msg timestamp="20210902 08:52:15.306" level="INFO">${interfaceName} = 风险隐患有效事件上报数</msg>
<status status="PASS" starttime="20210902 08:52:15.306" endtime="20210902 08:52:15.306"></status>
</kw>
<kw name="Set Variable" library="BuiltIn">
<doc>Returns the given values which can then be assigned to a variables.</doc>
<arguments>
<arg>${data_sheet[${x}][1]}</arg>
</arguments>
<assign>
<var>${url}</var>
</assign>
<msg timestamp="20210902 08:52:15.307" level="INFO">${url} = /statisticalQuery/emergencyCompletionRate</msg>
<status status="PASS" starttime="20210902 08:52:15.306" endtime="20210902 08:52:15.307"></status>
</kw>
<kw name="Set Variable" library="BuiltIn">
<doc>Returns the given values which can then be assigned to a variables.</doc>
<arguments>
<arg>${data_sheet[${x}][2]}</arg>
</arguments>
<assign>
<var>${data}</var>
</assign>
<msg timestamp="20210902 08:52:15.307" level="INFO">${data} = createBeginTime=2021-07-01&amp;createEndTime=2021-07-31&amp;emergencyTypeId=11&amp;emergencyTypeQueryId=&amp;queryId=129&amp;queryIdType=&amp;basicId=129</msg>
<status status="PASS" starttime="20210902 08:52:15.307" endtime="20210902 08:52:15.307"></status>
</kw>
<kw name="Set Variable" library="BuiltIn">
<doc>Returns the given values which can then be assigned to a variables.</doc>
<arguments>
<arg>${data_sheet[${x}][3]}</arg>
</arguments>
<assign>
<var>${status}</var>
</assign>
<msg timestamp="20210902 08:52:15.307" level="INFO">${status} = 200</msg>
<status status="PASS" starttime="20210902 08:52:15.307" endtime="20210902 08:52:15.307"></status>
</kw>
<kw name="Set Variable" library="BuiltIn">
<doc>Returns the given values which can then be assigned to a variables.</doc>
<arguments>
<arg>${data_sheet[${x}][4]}</arg>
</arguments>
<assign>
<var>${sql}</var>
</assign>
<msg timestamp="20210902 08:52:15.308" level="INFO">${sql} = None</msg>
<status status="PASS" starttime="20210902 08:52:15.307" endtime="20210902 08:52:15.308"></status>
</kw>
<kw name="Create Dictionary" library="BuiltIn">
<doc>Creates and returns a dictionary based on the given ``items``.</doc>
<arguments>
<arg>Content-Type=application/x-www-form-urlencoded</arg>
</arguments>
<assign>
<var>${header}</var>
</assign>
<msg timestamp="20210902 08:52:15.308" level="INFO">${header} = {'Content-Type': 'application/x-www-form-urlencoded'}</msg>
<status status="PASS" starttime="20210902 08:52:15.308" endtime="20210902 08:52:15.308"></status>
</kw>
<kw name="Create Session" library="RequestsLibrary">
<doc>Create Session: create a HTTP session to a server</doc>
<arguments>
<arg>url</arg>
<arg>${server}</arg>
<arg>headers=${header}</arg>
</arguments>
<msg timestamp="20210902 08:52:15.308" level="INFO">Creating Session using : alias=url, url=http://sqwy.wt.com:5130/smart_community_information_correct, headers={'Content-Type': 'application/x-www-form-urlencoded'},                     cookies={}, auth=None, timeout=None, proxies=None, verify=False,                     debug=0 </msg>
<status status="PASS" starttime="20210902 08:52:15.308" endtime="20210902 08:52:15.309"></status>
</kw>
<kw name="Post On Session" library="RequestsLibrary">
<doc>Sends a POST request on a previously created HTTP Session.</doc>
<arguments>
<arg>url</arg>
<arg>${url}</arg>
<arg>data=${data}</arg>
</arguments>
<assign>
<var>${resp}</var>
</assign>
<msg timestamp="20210902 08:52:16.011" level="INFO">POST Request : url=http://sqwy.wt.com:5130/smart_community_information_correct/statisticalQuery/emergencyCompletionRate 
 path_url=/smart_community_information_correct/statisticalQuery/emergencyCompletionRate 
 headers={'User-Agent': 'python-requests/2.22.0', 'Accept-Encoding': 'gzip, deflate', 'Accept': '*/*', 'Connection': 'keep-alive', 'Content-Type': 'application/x-www-form-urlencoded', 'Content-Length': '129'} 
 body=createBeginTime=2021-07-01&amp;createEndTime=2021-07-31&amp;emergencyTypeId=11&amp;emergencyTypeQueryId=&amp;queryId=129&amp;queryIdType=&amp;basicId=129 
 </msg>
<msg timestamp="20210902 08:52:16.011" level="INFO">POST Response : url=http://sqwy.wt.com:5130/smart_community_information_correct/statisticalQuery/emergencyCompletionRate 
 status=200, reason= 
 headers={'Server': 'nginx/1.15.2', 'Date': 'Thu, 02 Sep 2021 00:52:14 GMT', 'Content-Type': 'application/json;charset=UTF-8', 'Transfer-Encoding': 'chunked', 'Connection': 'keep-alive'} 
 body={"code":200,"message":"request successful","data":[{"discCodeDesc":"文瀛湖街道","emergencyCompletionRateNumSort":0.0,"emergencyCompletionRateNum":"100.00%","sort":null},{"discCodeDesc":"新旺街道","emergencyCompletionRateNumSort":0.0,"emergencyCompletionRateNum":"93.28%","sort":null},{"discCodeDesc":"水泊寺街道","emergencyCompletionRateNumSort":0.0,"emergencyCompletionRateNum":"100.00%","sort":null},{"discCodeDesc":"开源街道","emergencyCompletionRateNumSort":0.0,"emergencyCompletionRateNum":"81.98%","sort":null},{"discCodeDesc":"大庆路街道","emergencyCompletionRateNumSort":0.0,"emergencyCompletionRateNum":"92.21%","sort":null},{"discCodeDesc":"迎宾街道","emergencyCompletionRateNumSort":0.0,"emergencyCompletionRateNum":"90.00%","sort":null},{"discCodeDesc":"武定街道","emergencyCompletionRateNumSort":0.0,"emergencyCompletionRateNum":"77.42%","sort":null},{"discCodeDesc":"御河街道","emergencyCompletionRateNumSort":0.0,"emergencyCompletionRateNum":"94.87%","sort":null},{"discCodeDesc":"清远街道","emergencyCompletionRateNumSort":0.0,"emergencyCompletionRateNum":"91.18%","sort":null},{"discCodeDesc":"卧虎湾街道","emergencyCompletionRateNumSort":0.0,"emergencyCompletionRateNum":"92.31%","sort":null},{"discCodeDesc":"鹿苑街道","emergencyCompletionRateNumSort":0.0,"emergencyCompletionRateNum":"60.53%","sort":null},{"discCodeDesc":"白登山街道","emergencyCompletionRateNumSort":0.0,"emergencyCompletionRateNum":"79.17%","sort":null},{"discCodeDesc":"新华街道","emergencyCompletionRateNumSort":0.0,"emergencyCompletionRateNum":"76.47%","sort":null},{"discCodeDesc":"永泰街道","emergencyCompletionRateNumSort":0.0,"emergencyCompletionRateNum":"92.31%","sort":null},{"discCodeDesc":"小南头街道","emergencyCompletionRateNumSort":0.0,"emergencyCompletionRateNum":"90.00%","sort":null},{"discCodeDesc":"马军营街道","emergencyCompletionRateNumSort":0.0,"emergencyCompletionRateNum":"50.00%","sort":null},{"discCodeDesc":"振华街道","emergencyCompletionRateNumSort":0.0,"emergencyCompletionRateNum":"40.00%","sort":null},{"discCodeDesc":"古城街道","emergencyCompletionRateNumSort":0.0,"emergencyCompletionRateNum":"0.00%","sort":null}]} 
 </msg>
<msg timestamp="20210902 08:52:16.011" level="INFO">${resp} = &lt;Response [200]&gt;</msg>
<status status="PASS" starttime="20210902 08:52:15.309" endtime="20210902 08:52:16.011"></status>
</kw>
<kw name="Log" library="BuiltIn">
<doc>Logs the given message with the given level.</doc>
<arguments>
<arg>${resp.json}</arg>
</arguments>
<msg timestamp="20210902 08:52:16.011" level="INFO">&lt;bound method Response.json of &lt;Response [200]&gt;&gt;</msg>
<status status="PASS" starttime="20210902 08:52:16.011" endtime="20210902 08:52:16.011"></status>
</kw>
<kw name="Should Be Equal As Strings" library="BuiltIn">
<doc>Fails if objects are unequal after converting them to strings.</doc>
<arguments>
<arg>${resp.status_code}</arg>
<arg>${status}</arg>
</arguments>
<status status="PASS" starttime="20210902 08:52:16.012" endtime="20210902 08:52:16.012"></status>
</kw>
<kw name="Should Be Equal As Strings" library="BuiltIn">
<doc>Fails if objects are unequal after converting them to strings.</doc>
<arguments>
<arg>${resp.json()['message']}</arg>
<arg>request successful</arg>
</arguments>
<status status="PASS" starttime="20210902 08:52:16.012" endtime="20210902 08:52:16.012"></status>
</kw>
<status status="PASS" starttime="20210902 08:52:15.306" endtime="20210902 08:52:16.012"></status>
</kw>
<kw name="${x} = 9" type="foritem">
<kw name="Set Variable" library="BuiltIn">
<doc>Returns the given values which can then be assigned to a variables.</doc>
<arguments>
<arg>${data_sheet[${x}][0]}</arg>
</arguments>
<assign>
<var>${interfaceName}</var>
</assign>
<msg timestamp="20210902 08:52:16.013" level="INFO">${interfaceName} = 风险隐患有效事件办结数</msg>
<status status="PASS" starttime="20210902 08:52:16.012" endtime="20210902 08:52:16.013"></status>
</kw>
<kw name="Set Variable" library="BuiltIn">
<doc>Returns the given values which can then be assigned to a variables.</doc>
<arguments>
<arg>${data_sheet[${x}][1]}</arg>
</arguments>
<assign>
<var>${url}</var>
</assign>
<msg timestamp="20210902 08:52:16.013" level="INFO">${url} = /statisticalQuery/emergencyCompletionRate</msg>
<status status="PASS" starttime="20210902 08:52:16.013" endtime="20210902 08:52:16.013"></status>
</kw>
<kw name="Set Variable" library="BuiltIn">
<doc>Returns the given values which can then be assigned to a variables.</doc>
<arguments>
<arg>${data_sheet[${x}][2]}</arg>
</arguments>
<assign>
<var>${data}</var>
</assign>
<msg timestamp="20210902 08:52:16.013" level="INFO">${data} = createBeginTime=2021-06-01&amp;createEndTime=2021-06-30&amp;emergencyTypeId=11&amp;emergencyTypeQueryId=2&amp;queryId=132&amp;queryIdType=&amp;basicId=132</msg>
<status status="PASS" starttime="20210902 08:52:16.013" endtime="20210902 08:52:16.013"></status>
</kw>
<kw name="Set Variable" library="BuiltIn">
<doc>Returns the given values which can then be assigned to a variables.</doc>
<arguments>
<arg>${data_sheet[${x}][3]}</arg>
</arguments>
<assign>
<var>${status}</var>
</assign>
<msg timestamp="20210902 08:52:16.014" level="INFO">${status} = 200</msg>
<status status="PASS" starttime="20210902 08:52:16.013" endtime="20210902 08:52:16.014"></status>
</kw>
<kw name="Set Variable" library="BuiltIn">
<doc>Returns the given values which can then be assigned to a variables.</doc>
<arguments>
<arg>${data_sheet[${x}][4]}</arg>
</arguments>
<assign>
<var>${sql}</var>
</assign>
<msg timestamp="20210902 08:52:16.014" level="INFO">${sql} = None</msg>
<status status="PASS" starttime="20210902 08:52:16.014" endtime="20210902 08:52:16.014"></status>
</kw>
<kw name="Create Dictionary" library="BuiltIn">
<doc>Creates and returns a dictionary based on the given ``items``.</doc>
<arguments>
<arg>Content-Type=application/x-www-form-urlencoded</arg>
</arguments>
<assign>
<var>${header}</var>
</assign>
<msg timestamp="20210902 08:52:16.015" level="INFO">${header} = {'Content-Type': 'application/x-www-form-urlencoded'}</msg>
<status status="PASS" starttime="20210902 08:52:16.014" endtime="20210902 08:52:16.015"></status>
</kw>
<kw name="Create Session" library="RequestsLibrary">
<doc>Create Session: create a HTTP session to a server</doc>
<arguments>
<arg>url</arg>
<arg>${server}</arg>
<arg>headers=${header}</arg>
</arguments>
<msg timestamp="20210902 08:52:16.015" level="INFO">Creating Session using : alias=url, url=http://sqwy.wt.com:5130/smart_community_information_correct, headers={'Content-Type': 'application/x-www-form-urlencoded'},                     cookies={}, auth=None, timeout=None, proxies=None, verify=False,                     debug=0 </msg>
<status status="PASS" starttime="20210902 08:52:16.015" endtime="20210902 08:52:16.015"></status>
</kw>
<kw name="Post On Session" library="RequestsLibrary">
<doc>Sends a POST request on a previously created HTTP Session.</doc>
<arguments>
<arg>url</arg>
<arg>${url}</arg>
<arg>data=${data}</arg>
</arguments>
<assign>
<var>${resp}</var>
</assign>
<msg timestamp="20210902 08:52:16.402" level="INFO">POST Request : url=http://sqwy.wt.com:5130/smart_community_information_correct/statisticalQuery/emergencyCompletionRate 
 path_url=/smart_community_information_correct/statisticalQuery/emergencyCompletionRate 
 headers={'User-Agent': 'python-requests/2.22.0', 'Accept-Encoding': 'gzip, deflate', 'Accept': '*/*', 'Connection': 'keep-alive', 'Content-Type': 'application/x-www-form-urlencoded', 'Content-Length': '130'} 
 body=createBeginTime=2021-06-01&amp;createEndTime=2021-06-30&amp;emergencyTypeId=11&amp;emergencyTypeQueryId=2&amp;queryId=132&amp;queryIdType=&amp;basicId=132 
 </msg>
<msg timestamp="20210902 08:52:16.402" level="INFO">POST Response : url=http://sqwy.wt.com:5130/smart_community_information_correct/statisticalQuery/emergencyCompletionRate 
 status=200, reason= 
 headers={'Server': 'nginx/1.15.2', 'Date': 'Thu, 02 Sep 2021 00:52:15 GMT', 'Content-Type': 'application/json;charset=UTF-8', 'Transfer-Encoding': 'chunked', 'Connection': 'keep-alive'} 
 body={"code":200,"message":"request successful","data":[{"discCodeDesc":"大十字社区","emergencyCompletionRateNumSort":0.0,"emergencyCompletionRateNum":"0.00%","sort":null},{"discCodeDesc":"帅府社区","emergencyCompletionRateNumSort":0.0,"emergencyCompletionRateNum":"0.00%","sort":null},{"discCodeDesc":"华严寺社区","emergencyCompletionRateNumSort":0.0,"emergencyCompletionRateNum":"0.00%","sort":null},{"discCodeDesc":"教场街社区","emergencyCompletionRateNumSort":0.0,"emergencyCompletionRateNum":"0.00%","sort":null},{"discCodeDesc":"纯阳宫社区","emergencyCompletionRateNumSort":0.0,"emergencyCompletionRateNum":"0.00%","sort":null},{"discCodeDesc":"仁和美社区","emergencyCompletionRateNumSort":0.0,"emergencyCompletionRateNum":"0.00%","sort":null},{"discCodeDesc":"鼓楼社区","emergencyCompletionRateNumSort":0.0,"emergencyCompletionRateNum":"0.00%","sort":null},{"discCodeDesc":"雁塔社区","emergencyCompletionRateNumSort":0.0,"emergencyCompletionRateNum":"0.00%","sort":null},{"discCodeDesc":"长青社区","emergencyCompletionRateNumSort":0.0,"emergencyCompletionRateNum":"0.00%","sort":null},{"discCodeDesc":"兴云社区","emergencyCompletionRateNumSort":0.0,"emergencyCompletionRateNum":"0.00%","sort":null},{"discCodeDesc":"和阳社区","emergencyCompletionRateNumSort":0.0,"emergencyCompletionRateNum":"0.00%","sort":null},{"discCodeDesc":"云林社区","emergencyCompletionRateNumSort":0.0,"emergencyCompletionRateNum":"0.00%","sort":null}]} 
 </msg>
<msg timestamp="20210902 08:52:16.402" level="INFO">${resp} = &lt;Response [200]&gt;</msg>
<status status="PASS" starttime="20210902 08:52:16.015" endtime="20210902 08:52:16.402"></status>
</kw>
<kw name="Log" library="BuiltIn">
<doc>Logs the given message with the given level.</doc>
<arguments>
<arg>${resp.json}</arg>
</arguments>
<msg timestamp="20210902 08:52:16.402" level="INFO">&lt;bound method Response.json of &lt;Response [200]&gt;&gt;</msg>
<status status="PASS" starttime="20210902 08:52:16.402" endtime="20210902 08:52:16.402"></status>
</kw>
<kw name="Should Be Equal As Strings" library="BuiltIn">
<doc>Fails if objects are unequal after converting them to strings.</doc>
<arguments>
<arg>${resp.status_code}</arg>
<arg>${status}</arg>
</arguments>
<status status="PASS" starttime="20210902 08:52:16.403" endtime="20210902 08:52:16.403"></status>
</kw>
<kw name="Should Be Equal As Strings" library="BuiltIn">
<doc>Fails if objects are unequal after converting them to strings.</doc>
<arguments>
[...]
</kw>
<status status="PASS" starttime="20210902 08:52:28.894" endtime="20210902 08:52:29.091"></status>
</kw>
<kw name="${x} = 36" type="foritem">
<kw name="Set Variable" library="BuiltIn">
<doc>Returns the given values which can then be assigned to a variables.</doc>
<arguments>
<arg>${data_sheet[${x}][0]}</arg>
</arguments>
<assign>
<var>${interfaceName}</var>
</assign>
<msg timestamp="20210902 08:52:29.091" level="INFO">${interfaceName} = 申请管理</msg>
<status status="PASS" starttime="20210902 08:52:29.091" endtime="20210902 08:52:29.091"></status>
</kw>
<kw name="Set Variable" library="BuiltIn">
<doc>Returns the given values which can then be assigned to a variables.</doc>
<arguments>
<arg>${data_sheet[${x}][1]}</arg>
</arguments>
<assign>
<var>${url}</var>
</assign>
<msg timestamp="20210902 08:52:29.092" level="INFO">${url} = /applyAdopt/userApply/1/10</msg>
<status status="PASS" starttime="20210902 08:52:29.092" endtime="20210902 08:52:29.092"></status>
</kw>
<kw name="Set Variable" library="BuiltIn">
<doc>Returns the given values which can then be assigned to a variables.</doc>
<arguments>
<arg>${data_sheet[${x}][2]}</arg>
</arguments>
<assign>
<var>${data}</var>
</assign>
<msg timestamp="20210902 08:52:29.092" level="INFO">${data} = pageNum=1&amp;count=10&amp;orgid=3253&amp;loginOrg=100&amp;username=&amp;phone=&amp;applyStatus=</msg>
<status status="PASS" starttime="20210902 08:52:29.092" endtime="20210902 08:52:29.092"></status>
</kw>
<kw name="Set Variable" library="BuiltIn">
<doc>Returns the given values which can then be assigned to a variables.</doc>
<arguments>
<arg>${data_sheet[${x}][3]}</arg>
</arguments>
<assign>
<var>${status}</var>
</assign>
<msg timestamp="20210902 08:52:29.092" level="INFO">${status} = 200</msg>
<status status="PASS" starttime="20210902 08:52:29.092" endtime="20210902 08:52:29.092"></status>
</kw>
<kw name="Set Variable" library="BuiltIn">
<doc>Returns the given values which can then be assigned to a variables.</doc>
<arguments>
<arg>${data_sheet[${x}][4]}</arg>
</arguments>
<assign>
<var>${sql}</var>
</assign>
<msg timestamp="20210902 08:52:29.093" level="INFO">${sql} = None</msg>
<status status="PASS" starttime="20210902 08:52:29.093" endtime="20210902 08:52:29.093"></status>
</kw>
<kw name="Create Dictionary" library="BuiltIn">
<doc>Creates and returns a dictionary based on the given ``items``.</doc>
<arguments>
<arg>Content-Type=application/x-www-form-urlencoded</arg>
</arguments>
<assign>
<var>${header}</var>
</assign>
<msg timestamp="20210902 08:52:29.093" level="INFO">${header} = {'Content-Type': 'application/x-www-form-urlencoded'}</msg>
<status status="PASS" starttime="20210902 08:52:29.093" endtime="20210902 08:52:29.093"></status>
</kw>
<kw name="Create Session" library="RequestsLibrary">
<doc>Create Session: create a HTTP session to a server</doc>
<arguments>
<arg>url</arg>
<arg>${server}</arg>
<arg>headers=${header}</arg>
</arguments>
<msg timestamp="20210902 08:52:29.093" level="INFO">Creating Session using : alias=url, url=http://sqwy.wt.com:5130/smart_community_information_correct, headers={'Content-Type': 'application/x-www-form-urlencoded'},                     cookies={}, auth=None, timeout=None, proxies=None, verify=False,                     debug=0 </msg>
<status status="PASS" starttime="20210902 08:52:29.093" endtime="20210902 08:52:29.094"></status>
</kw>
<kw name="Post On Session" library="RequestsLibrary">
<doc>Sends a POST request on a previously created HTTP Session.</doc>
<arguments>
<arg>url</arg>
<arg>${url}</arg>
<arg>data=${data}</arg>
</arguments>
<assign>
<var>${resp}</var>
</assign>
<msg timestamp="20210902 08:52:29.298" level="INFO">POST Request : url=http://sqwy.wt.com:5130/smart_community_information_correct/applyAdopt/userApply/1/10 
 path_url=/smart_community_information_correct/applyAdopt/userApply/1/10 
 headers={'User-Agent': 'python-requests/2.22.0', 'Accept-Encoding': 'gzip, deflate', 'Accept': '*/*', 'Connection': 'keep-alive', 'Content-Type': 'application/x-www-form-urlencoded', 'Content-Length': '72'} 
 body=pageNum=1&amp;count=10&amp;orgid=3253&amp;loginOrg=100&amp;username=&amp;phone=&amp;applyStatus= 
 </msg>
<msg timestamp="20210902 08:52:29.298" level="INFO">POST Response : url=http://sqwy.wt.com:5130/smart_community_information_correct/applyAdopt/userApply/1/10 
 status=200, reason= 
 headers={'Server': 'nginx/1.15.2', 'Date': 'Thu, 02 Sep 2021 00:52:27 GMT', 'Content-Type': 'application/json;charset=UTF-8', 'Transfer-Encoding': 'chunked', 'Connection': 'keep-alive'} 
 body={"code":200,"message":"request successful","data":{"pageSize":10,"totalRows":1329,"totalPages":133,"currentPage":1,"startIndex":0,"lastIndex":10,"resultList":[{"applyId":"2603","userId":"1794","userName":"郭晓敏","phone":"13403623106","orgId":"3248","treePathEnum":"100_3237_3248","postId":"1248","orgDesc":"平城区_振华街道_天胜雅园社区","postDesc":"平城区_振华街道_天胜雅园社区_天胜雅园社区社区长","applyStatus":"1","examineDesc":"","applyFile":"","remarks":"","applyCreateTime":"2021-09-02 08:21:23","examineCreateTime":"2021-09-02 08:21:23","orgPostName":"天胜雅园社区社区长"},{"applyId":"2602","userId":"906","userName":"白雪","phone":"18535247019","orgId":"3357","treePathEnum":"100_3237_3242_3357","postId":"561","orgDesc":"平城区_振华街道_同泉里社区_同泉里社区第一网格","postDesc":"平城区_振华街道_同泉里社区_同泉里社区第一网格_网格员","applyStatus":"1","examineDesc":"","applyFile":"","remarks":"","applyCreateTime":"2021-09-02 07:23:06","examineCreateTime":"2021-09-02 07:23:06","orgPostName":"网格员"},{"applyId":"2601","userId":"307","userName":"朱文钰","phone":"18734248666","orgId":"4171","treePathEnum":"100_4030_4061_4171","postId":"1465","orgDesc":"平城区_迎宾街道_惠民里社区_惠民里社区第二网格","postDesc":"平城区_迎宾街道_惠民里社区_惠民里社区第二网格_网格员","applyStatus":"2","examineDesc":"","applyFile":"","remarks":"","applyCreateTime":"2021-09-01 22:33:48","examineCreateTime":"2021-09-02 07:56:50","orgPostName":"网格员"},{"applyId":"2600","userId":"1472","userName":"张小娇","phone":"18335210424","orgId":"3245","treePathEnum":"100_3237_3245","postId":"1252","orgDesc":"平城区_振华街道_振华北街社区","postDesc":"平城区_振华街道_振华北街社区_振华北街社区社区长","applyStatus":"1","examineDesc":"","applyFile":"","remarks":"","applyCreateTime":"2021-09-01 20:58:11","examineCreateTime":"2021-09-01 20:58:11","orgPostName":"振华北街社区社区长"},{"applyId":"2599","userId":"1499","userName":"张鑫","phone":"18703421379","orgId":"3350","treePathEnum":"100_3237_3247_3350","postId":"554","orgDesc":"平城区_振华街道_新世纪社区_新世纪社区第二网格","postDesc":"平城区_振华街道_新世纪社区_新世纪社区第二网格_网格员","applyStatus":"1","examineDesc":"","applyFile":"","remarks":"","applyCreateTime":"2021-09-01 20:20:08","examineCreateTime":"2021-09-01 20:20:08","orgPostName":"网格员"},{"applyId":"2596","userId":"1443","userName":"郭美娟","phone":"18703426697","orgId":"3384","treePathEnum":"100_3237_3249_3384","postId":"588","orgDesc":"平城区_振华街道_迎春里社区_迎春里社区第四网格","postDesc":"平城区_振华街道_迎春里社区_迎春里社区第四网格_网格员","applyStatus":"1","examineDesc":"","applyFile":"","remarks":"","applyCreateTime":"2021-09-01 18:08:41","examineCreateTime":"2021-09-01 18:08:41","orgPostName":"网格员"},{"applyId":"2595","userId":"311","userName":"王永红","phone":"13935245218","orgId":"3383","treePathEnum":"100_3237_3249_3383","postId":"3480","orgDesc":"平城区_振华街道_迎春里社区_迎春里社区第五网格","postDesc":"平城区_振华街道_迎春里社区_迎春里社区第五网格_兼职网格员","applyStatus":"1","examineDesc":"","applyFile":"","remarks":"","applyCreateTime":"2021-09-01 17:51:36","examineCreateTime":"2021-09-01 17:51:36","orgPostName":"兼职网格员"},{"applyId":"2594","userId":"628","userName":"刘利英","phone":"13293721134","orgId":"3387","treePathEnum":"100_3237_3249_3387","postId":"3484","orgDesc":"平城区_振华街道_迎春里社区_迎春里社区第一网格","postDesc":"平城区_振华街道_迎春里社区_迎春里社区第一网格_兼职网格员","applyStatus":"1","examineDesc":"","applyFile":"","remarks":"","applyCreateTime":"2021-09-01 17:37:59","examineCreateTime":"2021-09-01 17:37:59","orgPostName":"兼职网格员"},{"applyId":"2593","userId":"1474","userName":"雷萃鸣","phone":"18303429687","orgId":"3247","treePathEnum":"100_3237_3247","postId":"1246","orgDesc":"平城区_振华街道_新世纪社区","postDesc":"平城区_振华街道_新世纪社区_新世纪社区社区长","applyStatus":"1","examineDesc":"","applyFile":"","remarks":"","applyCreateTime":"2021-09-01 17:34:33","examineCreateTime":"2021-09-01 17:34:33","orgPostName":"新世纪社区社区长"},{"applyId":"2592","userId":"1792","userName":"陈国栋","phone":"15110759219","orgId":"3386","treePathEnum":"100_3237_3249_3386","postId":"3483","orgDesc":"平城区_振华街道_迎春里社区_迎春里社区第二网格","postDesc":"平城区_振华街道_迎春里社区_迎春里社区第二网格_兼职网格员","applyStatus":"1","examineDesc":"","applyFile":"","remarks":"","applyCreateTime":"2021-09-01 17:31:18","examineCreateTime":"2021-09-01 17:31:18","orgPostName":"兼职网格员"}]}} 
 </msg>
<msg timestamp="20210902 08:52:29.299" level="INFO">${resp} = &lt;Response [200]&gt;</msg>
<status status="PASS" starttime="20210902 08:52:29.094" endtime="20210902 08:52:29.299"></status>
</kw>
<kw name="Log" library="BuiltIn">
<doc>Logs the given message with the given level.</doc>
<arguments>
<arg>${resp.json}</arg>
</arguments>
<msg timestamp="20210902 08:52:29.299" level="INFO">&lt;bound method Response.json of &lt;Response [200]&gt;&gt;</msg>
<status status="PASS" starttime="20210902 08:52:29.299" endtime="20210902 08:52:29.299"></status>
</kw>
<kw name="Should Be Equal As Strings" library="BuiltIn">
<doc>Fails if objects are unequal after converting them to strings.</doc>
<arguments>
<arg>${resp.status_code}</arg>
<arg>${status}</arg>
</arguments>
<status status="PASS" starttime="20210902 08:52:29.299" endtime="20210902 08:52:29.300"></status>
</kw>
<kw name="Should Be Equal As Strings" library="BuiltIn">
<doc>Fails if objects are unequal after converting them to strings.</doc>
<arguments>
<arg>${resp.json()['message']}</arg>
<arg>request successful</arg>
</arguments>
<status status="PASS" starttime="20210902 08:52:29.300" endtime="20210902 08:52:29.300"></status>
</kw>
<status status="PASS" starttime="20210902 08:52:29.091" endtime="20210902 08:52:29.300"></status>
</kw>
<kw name="${x} = 37" type="foritem">
<kw name="Set Variable" library="BuiltIn">
<doc>Returns the given values which can then be assigned to a variables.</doc>
<arguments>
<arg>${data_sheet[${x}][0]}</arg>
</arguments>
<assign>
<var>${interfaceName}</var>
</assign>
<msg timestamp="20210902 08:52:29.301" level="INFO">${interfaceName} = 人员回访率排名表</msg>
<status status="PASS" starttime="20210902 08:52:29.301" endtime="20210902 08:52:29.301"></status>
</kw>
<kw name="Set Variable" library="BuiltIn">
<doc>Returns the given values which can then be assigned to a variables.</doc>
<arguments>
<arg>${data_sheet[${x}][1]}</arg>
</arguments>
<assign>
<var>${url}</var>
</assign>
<msg timestamp="20210902 08:52:29.301" level="INFO">${url} = /assessment/personnelVisit</msg>
<status status="PASS" starttime="20210902 08:52:29.301" endtime="20210902 08:52:29.301"></status>
</kw>
<kw name="Set Variable" library="BuiltIn">
<doc>Returns the given values which can then be assigned to a variables.</doc>
<arguments>
<arg>${data_sheet[${x}][2]}</arg>
</arguments>
<assign>
<var>${data}</var>
</assign>
<msg timestamp="20210902 08:52:29.302" level="INFO">${data} = disTreeCode=129&amp;endTime=2021-08-09&amp;startTime=2021-07-10</msg>
<status status="PASS" starttime="20210902 08:52:29.301" endtime="20210902 08:52:29.302"></status>
</kw>
<kw name="Set Variable" library="BuiltIn">
<doc>Returns the given values which can then be assigned to a variables.</doc>
<arguments>
<arg>${data_sheet[${x}][3]}</arg>
</arguments>
<assign>
<var>${status}</var>
</assign>
<msg timestamp="20210902 08:52:29.302" level="INFO">${status} = 200</msg>
<status status="PASS" starttime="20210902 08:52:29.302" endtime="20210902 08:52:29.302"></status>
</kw>
<kw name="Set Variable" library="BuiltIn">
<doc>Returns the given values which can then be assigned to a variables.</doc>
<arguments>
<arg>${data_sheet[${x}][4]}</arg>
</arguments>
<assign>
<var>${sql}</var>
</assign>
<msg timestamp="20210902 08:52:29.302" level="INFO">${sql} = None</msg>
<status status="PASS" starttime="20210902 08:52:29.302" endtime="20210902 08:52:29.302"></status>
</kw>
<kw name="Create Dictionary" library="BuiltIn">
<doc>Creates and returns a dictionary based on the given ``items``.</doc>
<arguments>
<arg>Content-Type=application/x-www-form-urlencoded</arg>
</arguments>
<assign>
<var>${header}</var>
</assign>
<msg timestamp="20210902 08:52:29.303" level="INFO">${header} = {'Content-Type': 'application/x-www-form-urlencoded'}</msg>
<status status="PASS" starttime="20210902 08:52:29.302" endtime="20210902 08:52:29.303"></status>
</kw>
<kw name="Create Session" library="RequestsLibrary">
<doc>Create Session: create a HTTP session to a server</doc>
<arguments>
<arg>url</arg>
<arg>${server}</arg>
<arg>headers=${header}</arg>
</arguments>
<msg timestamp="20210902 08:52:29.303" level="INFO">Creating Session using : alias=url, url=http://sqwy.wt.com:5130/smart_community_information_correct, headers={'Content-Type': 'application/x-www-form-urlencoded'},                     cookies={}, auth=None, timeout=None, proxies=None, verify=False,                     debug=0 </msg>
<status status="PASS" starttime="20210902 08:52:29.303" endtime="20210902 08:52:29.303"></status>
</kw>
<kw name="Post On Session" library="RequestsLibrary">
<doc>Sends a POST request on a previously created HTTP Session.</doc>
<arguments>
<arg>url</arg>
<arg>${url}</arg>
<arg>data=${data}</arg>
</arguments>
<assign>
<var>${resp}</var>
</assign>
<msg timestamp="20210902 08:52:29.693" level="INFO">POST Request : url=http://sqwy.wt.com:5130/smart_community_information_correct/assessment/personnelVisit 
 path_url=/smart_community_information_correct/assessment/personnelVisit 
 headers={'User-Agent': 'python-requests/2.22.0', 'Accept-Encoding': 'gzip, deflate', 'Accept': '*/*', 'Connection': 'keep-alive', 'Content-Type': 'application/x-www-form-urlencoded', 'Content-Length': '55'} 
 body=disTreeCode=129&amp;endTime=2021-08-09&amp;startTime=2021-07-10 
 </msg>
<msg timestamp="20210902 08:52:29.693" level="INFO">POST Response : url=http://sqwy.wt.com:5130/smart_community_information_correct/assessment/personnelVisit 
 status=200, reason= 
 headers={'Server': 'nginx/1.15.2', 'Date': 'Thu, 02 Sep 2021 00:52:28 GMT', 'Content-Type': 'application/json;charset=UTF-8', 'Transfer-Encoding': 'chunked', 'Connection': 'keep-alive'} 
 body={"code":200,"message":"request successful","data":[{"index":"1","disDesc":"迎宾街道","visitNum":"5","needVisitNUm":"21","visitRate":"23.81%"},{"index":"2","disDesc":"武定街道","visitNum":"3","needVisitNUm":"17","visitRate":"17.65%"},{"index":"3","disDesc":"小南头街道","visitNum":"3","needVisitNUm":"12","visitRate":"25.00%"},{"index":"4","disDesc":"马军营街道","visitNum":"1","needVisitNUm":"65","visitRate":"1.54%"},{"index":"5","disDesc":"御河街道","visitNum":"1","needVisitNUm":"67","visitRate":"1.49%"},{"index":"6","disDesc":"新旺街道","visitNum":"1","needVisitNUm":"45","visitRate":"2.22%"},{"index":"7","disDesc":"白登山街道","visitNum":"1","needVisitNUm":"5","visitRate":"20.00%"},{"index":"8","disDesc":"永泰街道","visitNum":"0","needVisitNUm":"154","visitRate":"0.00%"},{"index":"9","disDesc":"振华街道","visitNum":"0","needVisitNUm":"0","visitRate":"0.00%"},{"index":"10","disDesc":"大庆路街道","visitNum":"0","needVisitNUm":"7","visitRate":"0.00%"},{"index":"11","disDesc":"鹿苑街道","visitNum":"0","needVisitNUm":"9","visitRate":"0.00%"},{"index":"12","disDesc":"开源街道","visitNum":"0","needVisitNUm":"23","visitRate":"0.00%"},{"index":"13","disDesc":"清远街道","visitNum":"0","needVisitNUm":"0","visitRate":"0.00%"},{"index":"14","disDesc":"水泊寺街道","visitNum":"0","needVisitNUm":"0","visitRate":"0.00%"},{"index":"15","disDesc":"古城街道","visitNum":"0","needVisitNUm":"0","visitRate":"0.00%"},{"index":"16","disDesc":"文瀛湖街道","visitNum":"0","needVisitNUm":"0","visitRate":"0.00%"},{"index":"17","disDesc":"卧虎湾街道","visitNum":"0","needVisitNUm":"0","visitRate":"0.00%"},{"index":"18","disDesc":"新华街道","visitNum":"0","needVisitNUm":"20","visitRate":"0.00%"}]} 
 </msg>
<msg timestamp="20210902 08:52:29.693" level="INFO">${resp} = &lt;Response [200]&gt;</msg>
<status status="PASS" starttime="20210902 08:52:29.303" endtime="20210902 08:52:29.693"></status>
</kw>
<kw name="Log" library="BuiltIn">
<doc>Logs the given message with the given level.</doc>
<arguments>
<arg>${resp.json}</arg>
</arguments>
<msg timestamp="20210902 08:52:29.694" level="INFO">&lt;bound method Response.json of &lt;Response [200]&gt;&gt;</msg>
<status status="PASS" starttime="20210902 08:52:29.694" endtime="20210902 08:52:29.694"></status>
</kw>
<kw name="Should Be Equal As Strings" library="BuiltIn">
<doc>Fails if objects are unequal after converting them to strings.</doc>
<arguments>
<arg>${resp.status_code}</arg>
<arg>${status}</arg>
</arguments>
<status status="PASS" starttime="20210902 08:52:29.694" endtime="20210902 08:52:29.694"></status>
</kw>
<kw name="Should Be Equal As Strings" library="BuiltIn">
<doc>Fails if objects are unequal after converting them to strings.</doc>
<arguments>
<arg>${resp.json()['message']}</arg>
<arg>request successful</arg>
</arguments>
<status status="PASS" starttime="20210902 08:52:29.694" endtime="20210902 08:52:29.695"></status>
</kw>
<status status="PASS" starttime="20210902 08:52:29.300" endtime="20210902 08:52:29.695"></status>
</kw>
<status status="PASS" starttime="20210902 08:52:10.846" endtime="20210902 08:52:29.695"></status>
</kw>
<kw name="Close Workbook" library="ExcellentLibrary">
<doc>Closes the workbook identified by the supplied alias.</doc>
<status status="PASS" starttime="20210902 08:52:29.695" endtime="20210902 08:52:29.695"></status>
</kw>
<status status="PASS" starttime="20210902 08:52:10.214" endtime="20210902 08:52:29.695" critical="yes"></status>
</test>
<test id="s1-t2" name="get #post接口">
<kw name="Open Workbook" library="ExcellentLibrary">
<doc>Opens the workbook found at the given file path.
_NOTE_: Please note that at present _XLS_ files are not supported.</doc>
<arguments>
<arg>F:\\get.xlsx</arg>
</arguments>
<status status="PASS" starttime="20210902 08:52:29.696" endtime="20210902 08:52:29.747"></status>
</kw>
<kw name="Get Row Count" library="ExcellentLibrary">
<doc>Returns the number of non-empty rows in the active sheet.</doc>
<assign>
<var>${row_count}</var>
</assign>
<msg timestamp="20210902 08:52:29.747" level="INFO">${row_count} = 1</msg>
<status status="PASS" starttime="20210902 08:52:29.747" endtime="20210902 08:52:29.747"></status>
</kw>
<kw name="Read Sheet Data" library="ExcellentLibrary">
<doc>Reads all the data from the active sheet.</doc>
<arguments>
<arg>cell_range=A1:D100</arg>
</arguments>
<assign>
<var>${data_sheet}</var>
</assign>
<msg timestamp="20210902 08:52:29.749" level="INFO">${data_sheet} = [['NO', 'URL', 'RESULT', None]]</msg>
<status status="PASS" starttime="20210902 08:52:29.747" endtime="20210902 08:52:29.749"></status>
</kw>
<kw name="Log Many" library="BuiltIn">
<doc>Logs the given messages as separate entries using the INFO level.</doc>
<arguments>
<arg>${data_sheet}</arg>
</arguments>
<msg timestamp="20210902 08:52:29.749" level="INFO">[['NO', 'URL', 'RESULT', None]]</msg>
<status status="PASS" starttime="20210902 08:52:29.749" endtime="20210902 08:52:29.749"></status>
</kw>
<kw name="${x} IN RANGE [ 1 | ${row_count} ]" type="for">
<status status="PASS" starttime="20210902 08:52:29.749" endtime="20210902 08:52:29.749"></status>
</kw>
<kw name="Close Workbook" library="ExcellentLibrary">
<doc>Closes the workbook identified by the supplied alias.</doc>
<status status="PASS" starttime="20210902 08:52:29.749" endtime="20210902 08:52:29.749"></status>
</kw>
<status status="PASS" starttime="20210902 08:52:29.695" endtime="20210902 08:52:29.749" critical="yes"></status>
</test>
<status status="PASS" starttime="20210902 08:52:05.934" endtime="20210902 08:52:29.750"></status>
</suite>
<statistics>
<total>
<stat pass="2" fail="0">Critical Tests</stat>
<stat pass="2" fail="0">All Tests</stat>
</total>
<tag>
</tag>
<suite>
<stat pass="2" fail="0" id="s1" name="接口测试">接口测试</stat>
</suite>
</statistics>
<errors>
</errors>
</robot>
